"../../../Engine/Content/EditorResources/S_Actor.ubulk" 0
"../../../Engine/Content/EditorResources/S_Actor.uasset" 1
"../../../Engine/Content/EditorResources/S_Actor.uexp" 2
"../../../Engine/Content/EditorResources/S_BoxReflectionCapture.uasset" 3
"../../../Engine/Content/EditorResources/S_BoxReflectionCapture.uexp" 4
"../../../Engine/Content/EngineResources/DefaultTexture.ubulk" 5
"../../../Engine/Content/EngineResources/DefaultTexture.uasset" 6
"../../../Engine/Content/EngineResources/DefaultTexture.uexp" 7
"../../../Engine/Content/EngineResources/DefaultTextureCube.uasset" 8
"../../../Engine/Content/EngineResources/DefaultTextureCube.uexp" 9
"../../../Engine/Content/EngineResources/DefaultVolumeTexture2D.uasset" 10
"../../../Engine/Content/EngineResources/DefaultVolumeTexture2D.uexp" 11
"../../../Engine/Content/EngineResources/DefaultVolumeTexture.uasset" 12
"../../../Engine/Content/EngineResources/DefaultVolumeTexture.uexp" 13
"../../../Engine/Content/EditorResources/S_Trigger.ubulk" 14
"../../../Engine/Content/EditorResources/S_Trigger.uasset" 15
"../../../Engine/Content/EditorResources/S_Trigger.uexp" 16
"../../../Engine/Content/EditorResources/S_TriggerBox.uasset" 17
"../../../Engine/Content/EditorResources/S_TriggerBox.uexp" 18
"../../../Engine/Content/EditorResources/S_TriggerCapsule.uasset" 19
"../../../Engine/Content/EditorResources/S_TriggerCapsule.uexp" 20
"../../../Engine/Content/EditorResources/S_TriggerSphere.uasset" 21
"../../../Engine/Content/EditorResources/S_TriggerSphere.uexp" 22
"../../../Engine/Content/EngineMeshes/Sphere.ubulk" 23
"../../../Engine/Content/EngineMeshes/Sphere.uasset" 24
"../../../Engine/Content/EngineMeshes/Sphere.uexp" 25
"../../../Engine/Content/EngineResources/GradientTexture0.uasset" 26
"../../../Engine/Content/EngineResources/GradientTexture0.uexp" 27
"../../../Engine/Content/EngineResources/Black.uasset" 28
"../../../Engine/Content/EngineResources/Black.uexp" 29
"../../../Engine/Content/VREditor/LaserPointer/VR_LaserPower_01.ubulk" 30
"../../../Engine/Content/VREditor/LaserPointer/VR_LaserPower_01.uasset" 31
"../../../Engine/Content/VREditor/LaserPointer/VR_LaserPower_01.uexp" 32
"../../../Engine/Content/VREditor/TransformGizmo/TransformGizmoMaterial.uasset" 33
"../../../Engine/Content/VREditor/TransformGizmo/TransformGizmoMaterial.uexp" 34
"../../../Engine/Content/VREditor/TransformGizmo/TranslucentTransformGizmoMaterial.uasset" 35
"../../../Engine/Content/VREditor/TransformGizmo/TranslucentTransformGizmoMaterial.uexp" 36
"../../../Engine/Content/VREditor/TransformGizmo/PlaneTranslationHandle.ubulk" 37
"../../../Engine/Content/VREditor/TransformGizmo/PlaneTranslationHandle.uasset" 38
"../../../Engine/Content/VREditor/TransformGizmo/PlaneTranslationHandle.uexp" 39
"../../../Engine/Content/VREditor/TransformGizmo/BoundingBoxCorner.ubulk" 40
"../../../Engine/Content/VREditor/TransformGizmo/BoundingBoxCorner.uasset" 41
"../../../Engine/Content/VREditor/TransformGizmo/BoundingBoxCorner.uexp" 42
"../../../Engine/Content/VREditor/TransformGizmo/BoundingBoxEdge.ubulk" 43
"../../../Engine/Content/VREditor/TransformGizmo/BoundingBoxEdge.uasset" 44
"../../../Engine/Content/VREditor/TransformGizmo/BoundingBoxEdge.uexp" 45
"../../../Engine/Content/VREditor/TransformGizmo/Main.uasset" 46
"../../../Engine/Content/VREditor/TransformGizmo/Main.uexp" 47
"../../../Engine/Content/VREditor/TransformGizmo/Xray.uasset" 48
"../../../Engine/Content/VREditor/TransformGizmo/Xray.uexp" 49
"../../../Engine/Content/VREditor/TransformGizmo/SM_Sequencer_Node.ubulk" 50
"../../../Engine/Content/VREditor/TransformGizmo/SM_Sequencer_Node.uasset" 51
"../../../Engine/Content/VREditor/TransformGizmo/SM_Sequencer_Node.uexp" 52
"../../../Engine/Content/EditorMaterials/Camera/CineMat.uasset" 53
"../../../Engine/Content/EditorMaterials/Camera/CineMat.uexp" 54
"../../../Engine/Content/EditorMaterials/Camera/MI_CineMat_Rig.uasset" 55
"../../../Engine/Content/EditorMaterials/Camera/MI_CineMat_Rig.uexp" 56
"../../../Engine/Content/EditorMeshes/Camera/SM_CraneRig_Base.ubulk" 57
"../../../Engine/Content/EditorMeshes/Camera/SM_CraneRig_Base.uasset" 58
"../../../Engine/Content/EditorMeshes/Camera/SM_CraneRig_Base.uexp" 59
"../../../Engine/Content/EditorMeshes/Camera/SM_CraneRig_Arm.ubulk" 60
"../../../Engine/Content/EditorMeshes/Camera/SM_CraneRig_Arm.uasset" 61
"../../../Engine/Content/EditorMeshes/Camera/SM_CraneRig_Arm.uexp" 62
"../../../Engine/Content/EditorMeshes/Camera/SM_CraneRig_Mount.ubulk" 63
"../../../Engine/Content/EditorMeshes/Camera/SM_CraneRig_Mount.uasset" 64
"../../../Engine/Content/EditorMeshes/Camera/SM_CraneRig_Mount.uexp" 65
"../../../Engine/Content/EditorMeshes/Camera/SM_CraneRig_Body.ubulk" 66
"../../../Engine/Content/EditorMeshes/Camera/SM_CraneRig_Body.uasset" 67
"../../../Engine/Content/EditorMeshes/Camera/SM_CraneRig_Body.uexp" 68
"../../../Engine/Content/EditorMeshes/Camera/SM_RailRig_Track.ubulk" 69
"../../../Engine/Content/EditorMeshes/Camera/SM_RailRig_Track.uasset" 70
"../../../Engine/Content/EditorMeshes/Camera/SM_RailRig_Track.uexp" 71
"../../../Engine/Content/EditorMeshes/Camera/SM_RailRig_Mount.ubulk" 72
"../../../Engine/Content/EditorMeshes/Camera/SM_RailRig_Mount.uasset" 73
"../../../Engine/Content/EditorMeshes/Camera/SM_RailRig_Mount.uexp" 74
"../../../Engine/Content/EngineMaterials/T_Default_Material_Grid_M.ubulk" 75
"../../../Engine/Content/EngineMaterials/T_Default_Material_Grid_M.uasset" 76
"../../../Engine/Content/EngineMaterials/T_Default_Material_Grid_M.uexp" 77
"../../../Engine/Content/EngineMaterials/T_Default_Material_Grid_N.ubulk" 78
"../../../Engine/Content/EngineMaterials/T_Default_Material_Grid_N.uasset" 79
"../../../Engine/Content/EngineMaterials/T_Default_Material_Grid_N.uexp" 80
"../../../Engine/Content/Functions/Engine_MaterialFunctions01/Opacity/CameraDepthFade.uasset" 81
"../../../Engine/Content/Functions/Engine_MaterialFunctions01/Opacity/CameraDepthFade.uexp" 82
"../../../Engine/Content/EngineMaterials/WorldGridMaterial.uasset" 83
"../../../Engine/Content/EngineMaterials/WorldGridMaterial.uexp" 84
"../../../Engine/Content/ArtTools/RenderToTexture/Meshes/S_1_Unit_Plane.ubulk" 85
"../../../Engine/Content/ArtTools/RenderToTexture/Meshes/S_1_Unit_Plane.uasset" 86
"../../../Engine/Content/ArtTools/RenderToTexture/Meshes/S_1_Unit_Plane.uexp" 87
"../../../Engine/Content/EditorMaterials/ParticleSystems/PSysThumbnail_NoImage.ubulk" 88
"../../../Engine/Content/EditorMaterials/ParticleSystems/PSysThumbnail_NoImage.uasset" 89
"../../../Engine/Content/EditorMaterials/ParticleSystems/PSysThumbnail_NoImage.uexp" 90
"../../../Engine/Content/EditorMaterials/ParticleSystems/PSysThumbnail_OOD.ubulk" 91
"../../../Engine/Content/EditorMaterials/ParticleSystems/PSysThumbnail_OOD.uasset" 92
"../../../Engine/Content/EditorMaterials/ParticleSystems/PSysThumbnail_OOD.uexp" 93
"../../../Engine/Content/EditorLandscapeResources/SplineEditorMeshMat.uasset" 94
"../../../Engine/Content/EditorLandscapeResources/SplineEditorMeshMat.uexp" 95
"../../../Engine/Content/EditorLandscapeResources/SplineEditorMesh.ubulk" 96
"../../../Engine/Content/EditorLandscapeResources/SplineEditorMesh.uasset" 97
"../../../Engine/Content/EditorLandscapeResources/SplineEditorMesh.uexp" 98
"../../../Engine/Content/EditorResources/S_Solver.ubulk" 99
"../../../Engine/Content/EditorResources/S_Solver.uasset" 100
"../../../Engine/Content/EditorResources/S_Solver.uexp" 101
"../../../Engine/Plugins/Media/MediaPlate/Content/SM_MediaPlateScreen.ubulk" 102
"../../../Engine/Plugins/Media/MediaPlate/Content/SM_MediaPlateScreen.uasset" 103
"../../../Engine/Plugins/Media/MediaPlate/Content/SM_MediaPlateScreen.uexp" 104
"../../../Engine/Content/EngineMaterials/Good64x64TilingNoiseHighFreq.uasset" 105
"../../../Engine/Content/EngineMaterials/Good64x64TilingNoiseHighFreq.uexp" 106
"../../../Engine/Content/EngineMaterials/DefaultBokeh.uasset" 107
"../../../Engine/Content/EngineMaterials/DefaultBokeh.uexp" 108
"../../../Engine/Content/EngineMaterials/PreintegratedSkinBRDF.uasset" 109
"../../../Engine/Content/EngineMaterials/PreintegratedSkinBRDF.uexp" 110
"../../../Engine/Content/EngineMaterials/MiniFont.uasset" 111
"../../../Engine/Content/EngineMaterials/MiniFont.uexp" 112
"../../../Engine/Content/EngineMaterials/WeightMapPlaceholderTexture.uasset" 113
"../../../Engine/Content/EngineMaterials/WeightMapPlaceholderTexture.uexp" 114
"../../../Engine/Content/EngineMaterials/DefaultWhiteGrid.ubulk" 115
"../../../Engine/Content/EngineMaterials/DefaultWhiteGrid.uasset" 116
"../../../Engine/Content/EngineMaterials/DefaultWhiteGrid.uexp" 117
"../../../Engine/Content/Animation/DefaultRecorderBoneCompression.uasset" 118
"../../../Engine/Content/Animation/DefaultRecorderBoneCompression.uexp" 119
"../../../Engine/Content/Animation/DefaultAnimCurveCompressionSettings.uasset" 120
"../../../Engine/Content/Animation/DefaultAnimCurveCompressionSettings.uexp" 121
"../../../Engine/Content/Animation/DefaultAnimBoneCompressionSettings.uasset" 122
"../../../Engine/Content/Animation/DefaultAnimBoneCompressionSettings.uexp" 123
"../../../Engine/Plugins/Animation/ControlRig/Content/Controls/ControlRig_Circle_solid.ubulk" 124
"../../../Engine/Plugins/Animation/ControlRig/Content/Controls/ControlRig_Circle_solid.uasset" 125
"../../../Engine/Plugins/Animation/ControlRig/Content/Controls/ControlRig_Circle_solid.uexp" 126
"../../../Engine/Content/BasicShapes/Plane.ubulk" 127
"../../../Engine/Content/BasicShapes/Plane.uasset" 128
"../../../Engine/Content/BasicShapes/Plane.uexp" 129
"../../../Engine/Content/EngineMaterials/DefaultMaterial.uasset" 130
"../../../Engine/Content/EngineMaterials/DefaultMaterial.uexp" 131
"../../../Engine/Content/BasicShapes/Cone.ubulk" 132
"../../../Engine/Content/BasicShapes/Cone.uasset" 133
"../../../Engine/Content/BasicShapes/Cone.uexp" 134
"../../../Engine/Plugins/Animation/ControlRig/Content/Controls/ControlRig_Diamond_solid.ubulk" 135
"../../../Engine/Plugins/Animation/ControlRig/Content/Controls/ControlRig_Diamond_solid.uasset" 136
"../../../Engine/Plugins/Animation/ControlRig/Content/Controls/ControlRig_Diamond_solid.uexp" 137
"../../../Engine/Content/EditorLandscapeResources/DefaultAlphaTexture.uasset" 138
"../../../Engine/Content/EditorLandscapeResources/DefaultAlphaTexture.uexp" 139
"../../../Engine/Content/EditorLandscapeResources/DataLayer.uasset" 140
"../../../Engine/Content/EditorLandscapeResources/DataLayer.uexp" 141
"../../../Engine/Content/EditorMaterials/PreviewShadowIndicator.ubulk" 142
"../../../Engine/Content/EditorMaterials/PreviewShadowIndicator.uasset" 143
"../../../Engine/Content/EditorMaterials/PreviewShadowIndicator.uexp" 144
"../../../Engine/Content/EditorMaterials/PreviewShadowIndicatorMaterial.uasset" 145
"../../../Engine/Content/EditorMaterials/PreviewShadowIndicatorMaterial.uexp" 146
"../../../Engine/Content/EditorMaterials/PhAT_UnselectedMaterial.uasset" 147
"../../../Engine/Content/EditorMaterials/PhAT_UnselectedMaterial.uexp" 148
"../../../Engine/Content/EditorMaterials/PhAT_NoCollisionMaterial.uasset" 149
"../../../Engine/Content/EditorMaterials/PhAT_NoCollisionMaterial.uexp" 150
"../../../Engine/Plugins/Animation/ControlRig/Content/Controls/ControlRig_Diamond_3mm.ubulk" 151
"../../../Engine/Plugins/Animation/ControlRig/Content/Controls/ControlRig_Diamond_3mm.uasset" 152
"../../../Engine/Plugins/Animation/ControlRig/Content/Controls/ControlRig_Diamond_3mm.uexp" 153
"../../../Engine/Plugins/Animation/ControlRig/Content/Controls/ControlRig_Diamond_1mm.ubulk" 154
"../../../Engine/Plugins/Animation/ControlRig/Content/Controls/ControlRig_Diamond_1mm.uasset" 155
"../../../Engine/Plugins/Animation/ControlRig/Content/Controls/ControlRig_Diamond_1mm.uexp" 156
"../../../Engine/Content/Functions/Engine_MaterialFunctions02/Utility/MakeFloat4.uasset" 157
"../../../Engine/Content/Functions/Engine_MaterialFunctions02/Utility/MakeFloat4.uexp" 158
"../../../Engine/Content/Functions/Engine_MaterialFunctions02/Utility/MakeFloat3.uasset" 159
"../../../Engine/Content/Functions/Engine_MaterialFunctions02/Utility/MakeFloat3.uexp" 160
"../../../Engine/Content/Functions/Engine_MaterialFunctions02/Utility/BreakOutFloat3Components.uasset" 161
"../../../Engine/Content/Functions/Engine_MaterialFunctions02/Utility/BreakOutFloat3Components.uexp" 162
"../../../Engine/Content/EditorMaterials/WorldPartition/WorldPartitionSpatialHashGridPreviewMaterial.uasset" 163
"../../../Engine/Content/EditorMaterials/WorldPartition/WorldPartitionSpatialHashGridPreviewMaterial.uexp" 164
"../../../Engine/Plugins/Animation/ControlRig/Content/Controls/ControlRig_Circle_1mm.ubulk" 165
"../../../Engine/Plugins/Animation/ControlRig/Content/Controls/ControlRig_Circle_1mm.uasset" 166
"../../../Engine/Plugins/Animation/ControlRig/Content/Controls/ControlRig_Circle_1mm.uexp" 167
"../../../Engine/Plugins/Animation/ControlRig/Content/Controls/ControlRig_Circle_3mm.ubulk" 168
"../../../Engine/Plugins/Animation/ControlRig/Content/Controls/ControlRig_Circle_3mm.uasset" 169
"../../../Engine/Plugins/Animation/ControlRig/Content/Controls/ControlRig_Circle_3mm.uexp" 170
"../../../Engine/Plugins/Animation/ControlRig/Content/Controls/ControlRig_Box_3mm.ubulk" 171
"../../../Engine/Plugins/Animation/ControlRig/Content/Controls/ControlRig_Box_3mm.uasset" 172
"../../../Engine/Plugins/Animation/ControlRig/Content/Controls/ControlRig_Box_3mm.uexp" 173
"../../../Engine/Plugins/Animation/ControlRig/Content/Controls/ControlRig_Box_solid.ubulk" 174
"../../../Engine/Plugins/Animation/ControlRig/Content/Controls/ControlRig_Box_solid.uasset" 175
"../../../Engine/Plugins/Animation/ControlRig/Content/Controls/ControlRig_Box_solid.uexp" 176
"../../../Engine/Plugins/Animation/ControlRig/Content/Controls/ControlRig_Arrow_solid.ubulk" 177
"../../../Engine/Plugins/Animation/ControlRig/Content/Controls/ControlRig_Arrow_solid.uasset" 178
"../../../Engine/Plugins/Animation/ControlRig/Content/Controls/ControlRig_Arrow_solid.uexp" 179
"../../../Engine/Plugins/Animation/ControlRig/Content/Controls/ControlRig_Box_1mm.ubulk" 180
"../../../Engine/Plugins/Animation/ControlRig/Content/Controls/ControlRig_Box_1mm.uasset" 181
"../../../Engine/Plugins/Animation/ControlRig/Content/Controls/ControlRig_Box_1mm.uexp" 182
"../../../Engine/Plugins/2D/Paper2D/Content/PlaceholderTextures/DummySpriteTexture.ubulk" 183
"../../../Engine/Plugins/2D/Paper2D/Content/PlaceholderTextures/DummySpriteTexture.uasset" 184
"../../../Engine/Plugins/2D/Paper2D/Content/PlaceholderTextures/DummySpriteTexture.uexp" 185
"../../../Engine/Plugins/2D/Paper2D/Content/DummySprite.uasset" 186
"../../../Engine/Plugins/2D/Paper2D/Content/DummySprite.uexp" 187
"../../../Engine/Plugins/2D/Paper2D/Content/DefaultPaperTerrainMaterial.uasset" 188
"../../../Engine/Plugins/2D/Paper2D/Content/DefaultPaperTerrainMaterial.uexp" 189
"../../../Engine/Content/EditorResources/S_Terrain.ubulk" 190
"../../../Engine/Content/EditorResources/S_Terrain.uasset" 191
"../../../Engine/Content/EditorResources/S_Terrain.uexp" 192
"../../../Engine/Plugins/Animation/ControlRig/Content/Controls/ControlRig_HalfCircle_1mm.ubulk" 193
"../../../Engine/Plugins/Animation/ControlRig/Content/Controls/ControlRig_HalfCircle_1mm.uasset" 194
"../../../Engine/Plugins/Animation/ControlRig/Content/Controls/ControlRig_HalfCircle_1mm.uexp" 195
"../../../Engine/Content/EditorResources/S_KBSJoint.ubulk" 196
"../../../Engine/Content/EditorResources/S_KBSJoint.uasset" 197
"../../../Engine/Content/EditorResources/S_KBSJoint.uexp" 198
"../../../Engine/Content/EditorResources/EmptyActor.uasset" 199
"../../../Engine/Content/EditorResources/EmptyActor.uexp" 200
"../../../Engine/Content/EditorResources/BSPVertex.uasset" 201
"../../../Engine/Content/EditorResources/BSPVertex.uexp" 202
"../../../Engine/Content/EditorResources/LightIcons/S_LightError.uasset" 203
"../../../Engine/Content/EditorResources/LightIcons/S_LightError.uexp" 204
"../../../Engine/Content/EditorResources/SequenceRecorder/RecordingIndicator.uasset" 205
"../../../Engine/Content/EditorResources/SequenceRecorder/RecordingIndicator.uexp" 206
"../../../Engine/Content/EditorResources/SequenceRecorder/Countdown.uasset" 207
"../../../Engine/Content/EditorResources/SequenceRecorder/Countdown.uexp" 208
"../../../Engine/Content/EngineDamageTypes/DmgTypeBP_Environmental.uasset" 209
"../../../Engine/Content/EngineDamageTypes/DmgTypeBP_Environmental.uexp" 210
"../../../Engine/Plugins/Animation/ControlRig/Content/Controls/ControlRig_HalfCircle_3mm.ubulk" 211
"../../../Engine/Plugins/Animation/ControlRig/Content/Controls/ControlRig_HalfCircle_3mm.uasset" 212
"../../../Engine/Plugins/Animation/ControlRig/Content/Controls/ControlRig_HalfCircle_3mm.uexp" 213
"../../../Engine/Content/Functions/Engine_MaterialFunctions02/Utility/CameraDirectionVector.uasset" 214
"../../../Engine/Content/Functions/Engine_MaterialFunctions02/Utility/CameraDirectionVector.uexp" 215
"../../../Engine/Content/EngineDebugMaterials/VolumeToRender.uasset" 216
"../../../Engine/Content/EngineDebugMaterials/VolumeToRender.uexp" 217
"../../../Engine/Content/EngineDebugMaterials/M_VolumeRenderSphereTracePP.uasset" 218
"../../../Engine/Content/EngineDebugMaterials/M_VolumeRenderSphereTracePP.uexp" 219
"../../../Engine/Content/EngineDebugMaterials/M_SimpleUnlitTranslucent.uasset" 220
"../../../Engine/Content/EngineDebugMaterials/M_SimpleUnlitTranslucent.uexp" 221
"../../../Engine/Content/EngineDebugMaterials/DebugMeshMaterial.uasset" 222
"../../../Engine/Content/EngineDebugMaterials/DebugMeshMaterial.uexp" 223
"../../../Engine/Content/EngineDebugMaterials/DebugEditorMaterial.uasset" 224
"../../../Engine/Content/EngineDebugMaterials/DebugEditorMaterial.uexp" 225
"../../../Engine/Content/EngineFonts/Faces/RobotoLight.uexp" 226
"../../../Engine/Content/EngineFonts/Faces/RobotoLight.uasset" 227
"../../../Engine/Content/EngineFonts/Faces/RobotoLight.ufont" 228
"../../../Engine/Content/EngineFonts/Faces/RobotoBold.uexp" 229
"../../../Engine/Content/EngineFonts/Faces/RobotoBold.uasset" 230
"../../../Engine/Content/EngineFonts/Faces/RobotoBold.ufont" 231
"../../../Engine/Content/EngineFonts/Faces/RobotoRegular.uexp" 232
"../../../Engine/Content/EngineFonts/Faces/RobotoRegular.uasset" 233
"../../../Engine/Content/EngineFonts/Faces/RobotoRegular.ufont" 234
"../../../Engine/Content/EngineFonts/Faces/DroidSansFallback.uexp" 235
"../../../Engine/Content/EngineFonts/Faces/DroidSansFallback.uasset" 236
"../../../Engine/Content/EngineFonts/Faces/DroidSansFallback.ufont" 237
"../../../Engine/Content/EngineFonts/Faces/RobotoItalic.uexp" 238
"../../../Engine/Content/EngineFonts/Faces/RobotoItalic.uasset" 239
"../../../Engine/Content/EngineFonts/Faces/RobotoItalic.ufont" 240
"../../../Engine/Content/EngineFonts/Faces/RobotoBoldItalic.uexp" 241
"../../../Engine/Content/EngineFonts/Faces/RobotoBoldItalic.uasset" 242
"../../../Engine/Content/EngineFonts/Faces/RobotoBoldItalic.ufont" 243
"../../../Engine/Content/EngineFonts/Roboto.uasset" 244
"../../../Engine/Content/EngineFonts/Roboto.uexp" 245
"../../../Engine/Content/EngineResources/WhiteSquareTexture.uasset" 246
"../../../Engine/Content/EngineResources/WhiteSquareTexture.uexp" 247
"../../../Engine/Content/EngineMaterials/Widget3DPassThrough.uasset" 248
"../../../Engine/Content/EngineMaterials/Widget3DPassThrough.uexp" 249
"../../../Engine/Content/EngineMaterials/Widget3DPassThrough_Translucent.uasset" 250
"../../../Engine/Content/EngineMaterials/Widget3DPassThrough_Translucent.uexp" 251
"../../../Engine/Content/EngineMaterials/Widget3DPassThrough_Translucent_OneSided.uasset" 252
"../../../Engine/Content/EngineMaterials/Widget3DPassThrough_Translucent_OneSided.uexp" 253
"../../../Engine/Content/EngineMaterials/Widget3DPassThrough_Opaque.uasset" 254
"../../../Engine/Content/EngineMaterials/Widget3DPassThrough_Opaque.uexp" 255
"../../../Engine/Content/EngineMaterials/Widget3DPassThrough_Opaque_OneSided.uasset" 256
"../../../Engine/Content/EngineMaterials/Widget3DPassThrough_Opaque_OneSided.uexp" 257
"../../../Engine/Content/EngineMaterials/Widget3DPassThrough_Masked_OneSided.uasset" 258
"../../../Engine/Content/EngineMaterials/Widget3DPassThrough_Masked_OneSided.uexp" 259
"../../../Engine/Content/EngineMaterials/Widget3DPassThrough_Masked.uasset" 260
"../../../Engine/Content/EngineMaterials/Widget3DPassThrough_Masked.uexp" 261
"../../../Engine/Plugins/Animation/ControlRig/Content/Controls/ControlRig_Square_1mm.ubulk" 262
"../../../Engine/Plugins/Animation/ControlRig/Content/Controls/ControlRig_Square_1mm.uasset" 263
"../../../Engine/Plugins/Animation/ControlRig/Content/Controls/ControlRig_Square_1mm.uexp" 264
"../../../Engine/Content/EngineMaterials/STBlueNoise_vec2_128x128x64.uasset" 265
"../../../Engine/Content/EngineMaterials/STBlueNoise_vec2_128x128x64.uexp" 266
"../../../Engine/Content/EngineMaterials/STBlueNoise_scalar_128x128x64.uasset" 267
"../../../Engine/Content/EngineMaterials/STBlueNoise_scalar_128x128x64.uexp" 268
"../../../Engine/Content/EngineMaterials/RemoveSurfaceMaterial.uasset" 269
"../../../Engine/Content/EngineMaterials/RemoveSurfaceMaterial.uexp" 270
"../../../Engine/Plugins/Animation/ControlRig/Content/Controls/ControlRig_Sphere_3mm.ubulk" 271
"../../../Engine/Plugins/Animation/ControlRig/Content/Controls/ControlRig_Sphere_3mm.uasset" 272
"../../../Engine/Plugins/Animation/ControlRig/Content/Controls/ControlRig_Sphere_3mm.uexp" 273
"../../../Engine/Content/EngineMaterials/DefaultCalibrationGrayscale.uasset" 274
"../../../Engine/Content/EngineMaterials/DefaultCalibrationGrayscale.uexp" 275
"../../../Engine/Content/EngineMaterials/PPM_DefaultCalibrationGrayscale.uasset" 276
"../../../Engine/Content/EngineMaterials/PPM_DefaultCalibrationGrayscale.uexp" 277
"../../../Engine/Content/EngineMaterials/DefaultCalibrationColor.uasset" 278
"../../../Engine/Content/EngineMaterials/DefaultCalibrationColor.uexp" 279
"../../../Engine/Content/EngineMaterials/PPM_DefaultCalibrationColor.uasset" 280
"../../../Engine/Content/EngineMaterials/PPM_DefaultCalibrationColor.uexp" 281
"../../../Engine/Content/Functions/Engine_MaterialFunctions02/WorldPositionOffset/CameraOffset.uasset" 282
"../../../Engine/Content/Functions/Engine_MaterialFunctions02/WorldPositionOffset/CameraOffset.uexp" 283
"../../../Engine/Content/EngineMaterials/PhAT_JointLimitMaterial.uasset" 284
"../../../Engine/Content/EngineMaterials/PhAT_JointLimitMaterial.uexp" 285
"../../../Engine/Content/EngineMaterials/InvalidLightmapSettings.ubulk" 286
"../../../Engine/Content/EngineMaterials/InvalidLightmapSettings.uasset" 287
"../../../Engine/Content/EngineMaterials/InvalidLightmapSettings.uexp" 288
"../../../Engine/Content/EngineMaterials/M_InvalidLightmapSettings.uasset" 289
"../../../Engine/Content/EngineMaterials/M_InvalidLightmapSettings.uexp" 290
"../../../Engine/Plugins/Animation/ControlRig/Content/Controls/ControlRig_Sphere_solid.ubulk" 291
"../../../Engine/Plugins/Animation/ControlRig/Content/Controls/ControlRig_Sphere_solid.uasset" 292
"../../../Engine/Plugins/Animation/ControlRig/Content/Controls/ControlRig_Sphere_solid.uexp" 293
"../../../Engine/Plugins/Animation/ControlRig/Content/Controls/ControlRig_Octagon_3mm.ubulk" 294
"../../../Engine/Plugins/Animation/ControlRig/Content/Controls/ControlRig_Octagon_3mm.uasset" 295
"../../../Engine/Plugins/Animation/ControlRig/Content/Controls/ControlRig_Octagon_3mm.uexp" 296
"../../../Engine/Plugins/Animation/ControlRig/Content/Controls/ControlRigXRayMaterial.uasset" 297
"../../../Engine/Plugins/Animation/ControlRig/Content/Controls/ControlRigXRayMaterial.uexp" 298
"../../../Engine/Plugins/Animation/ControlRig/Content/Controls/ControlRig_RoundedTriangle_solid.ubulk" 299
"../../../Engine/Plugins/Animation/ControlRig/Content/Controls/ControlRig_RoundedTriangle_solid.uasset" 300
"../../../Engine/Plugins/Animation/ControlRig/Content/Controls/ControlRig_RoundedTriangle_solid.uexp" 301
"../../../Engine/Content/EngineMaterials/GizmoMaterial.uasset" 302
"../../../Engine/Content/EngineMaterials/GizmoMaterial.uexp" 303
"../../../Engine/Content/EngineMaterials/BaseFlattenEmissiveMap_VT.uasset" 304
"../../../Engine/Content/EngineMaterials/BaseFlattenEmissiveMap_VT.uexp" 305
"../../../Engine/Content/EngineMaterials/BaseFlattenGrayscaleMap_VT.uasset" 306
"../../../Engine/Content/EngineMaterials/BaseFlattenGrayscaleMap_VT.uexp" 307
"../../../Engine/Content/EngineMaterials/BaseFlattenLinearColor_VT.uasset" 308
"../../../Engine/Content/EngineMaterials/BaseFlattenLinearColor_VT.uexp" 309
"../../../Engine/Content/EngineMaterials/Black_1x1_EXR_Texture_VT.uasset" 310
"../../../Engine/Content/EngineMaterials/Black_1x1_EXR_Texture_VT.uexp" 311
"../../../Engine/Content/EngineMaterials/BaseFlattenDiffuseMap_VT.uasset" 312
"../../../Engine/Content/EngineMaterials/BaseFlattenDiffuseMap_VT.uexp" 313
"../../../Engine/Content/EngineMaterials/BaseFlattenNormalMap_VT.uasset" 314
"../../../Engine/Content/EngineMaterials/BaseFlattenNormalMap_VT.uexp" 315
"../../../Engine/Content/EngineMaterials/FlattenMaterial_WS_Normal_VT.uasset" 316
"../../../Engine/Content/EngineMaterials/FlattenMaterial_WS_Normal_VT.uexp" 317
"../../../Engine/Content/EngineMaterials/FlattenMaterial_VT.uasset" 318
"../../../Engine/Content/EngineMaterials/FlattenMaterial_VT.uexp" 319
"../../../Engine/Content/EngineMaterials/BaseFlattenNormalMap.uasset" 320
"../../../Engine/Content/EngineMaterials/BaseFlattenNormalMap.uexp" 321
"../../../Engine/Content/EngineMaterials/BaseFlattenGrayscaleMap.uasset" 322
"../../../Engine/Content/EngineMaterials/BaseFlattenGrayscaleMap.uexp" 323
"../../../Engine/Content/EngineMaterials/BaseFlattenDiffuseMap.uasset" 324
"../../../Engine/Content/EngineMaterials/BaseFlattenDiffuseMap.uexp" 325
"../../../Engine/Content/Functions/Engine_MaterialFunctions02/PivotPainter2/Black_1x1_EXR_Texture.uasset" 326
"../../../Engine/Content/Functions/Engine_MaterialFunctions02/PivotPainter2/Black_1x1_EXR_Texture.uexp" 327
"../../../Engine/Content/EngineMaterials/BaseFlattenEmissiveMap.uasset" 328
"../../../Engine/Content/EngineMaterials/BaseFlattenEmissiveMap.uexp" 329
"../../../Engine/Content/EngineMaterials/BaseFlattenLinearColor.uasset" 330
"../../../Engine/Content/EngineMaterials/BaseFlattenLinearColor.uexp" 331
"../../../Engine/Content/EngineMaterials/FlattenMaterial.uasset" 332
"../../../Engine/Content/EngineMaterials/FlattenMaterial.uexp" 333
"../../../Engine/Content/EngineMaterials/DefaultWhiteGrid_Low.uasset" 334
"../../../Engine/Content/EngineMaterials/DefaultWhiteGrid_Low.uexp" 335
"../../../Engine/Content/EngineMaterials/EmissiveMeshMaterial.uasset" 336
"../../../Engine/Content/EngineMaterials/EmissiveMeshMaterial.uexp" 337
"../../../Engine/Plugins/Animation/ControlRig/Content/Controls/ControlRig_Octagon_1mm.ubulk" 338
"../../../Engine/Plugins/Animation/ControlRig/Content/Controls/ControlRig_Octagon_1mm.uasset" 339
"../../../Engine/Plugins/Animation/ControlRig/Content/Controls/ControlRig_Octagon_1mm.uexp" 340
"../../../Engine/Plugins/Animation/ControlRig/Content/Controls/ControlRig_Square_3mm.ubulk" 341
"../../../Engine/Plugins/Animation/ControlRig/Content/Controls/ControlRig_Square_3mm.uasset" 342
"../../../Engine/Plugins/Animation/ControlRig/Content/Controls/ControlRig_Square_3mm.uexp" 343
"../../../Engine/Content/EngineFonts/RobotoDistanceField.uasset" 344
"../../../Engine/Content/EngineFonts/RobotoDistanceField.uexp" 345
"../../../Engine/Content/EngineMaterials/DefaultTextMaterialOpaque.uasset" 346
"../../../Engine/Content/EngineMaterials/DefaultTextMaterialOpaque.uexp" 347
"../../../Engine/Content/EngineMaterials/DefaultDiffuse.ubulk" 348
"../../../Engine/Content/EngineMaterials/DefaultDiffuse.uasset" 349
"../../../Engine/Content/EngineMaterials/DefaultDiffuse.uexp" 350
"../../../Engine/Content/Functions/Engine_MaterialFunctions02/Utility/BreakOutFloat2Components.uasset" 351
"../../../Engine/Content/Functions/Engine_MaterialFunctions02/Utility/BreakOutFloat2Components.uexp" 352
"../../../Engine/Content/EngineMaterials/DefaultPostProcessMaterial.uasset" 353
"../../../Engine/Content/EngineMaterials/DefaultPostProcessMaterial.uexp" 354
"../../../Engine/Content/EngineMaterials/DefaultPhysicalMaterial.uasset" 355
"../../../Engine/Content/EngineMaterials/DefaultPhysicalMaterial.uexp" 356
"../../../Engine/Content/EngineMaterials/DefaultLightFunctionMaterial.uasset" 357
"../../../Engine/Content/EngineMaterials/DefaultLightFunctionMaterial.uexp" 358
"../../../Engine/Content/EngineMaterials/DefaultDestructiblePhysicalMaterial.uasset" 359
"../../../Engine/Content/EngineMaterials/DefaultDestructiblePhysicalMaterial.uexp" 360
"../../../Engine/Content/EngineMaterials/DefaultDeferredDecalMaterial.uasset" 361
"../../../Engine/Content/EngineMaterials/DefaultDeferredDecalMaterial.uexp" 362
"../../../Engine/Plugins/Animation/ControlRig/Content/Controls/ControlRig_Sphere_1mm.ubulk" 363
"../../../Engine/Plugins/Animation/ControlRig/Content/Controls/ControlRig_Sphere_1mm.uasset" 364
"../../../Engine/Plugins/Animation/ControlRig/Content/Controls/ControlRig_Sphere_1mm.uexp" 365
"../../../Engine/Content/EngineMaterials/DefaultBloomKernel.uasset" 366
"../../../Engine/Content/EngineMaterials/DefaultBloomKernel.uexp" 367
"../../../Engine/Plugins/Animation/ControlRig/Content/Controls/ControlRig_RoundedTriangle_3mm.ubulk" 368
"../../../Engine/Plugins/Animation/ControlRig/Content/Controls/ControlRig_RoundedTriangle_3mm.uasset" 369
"../../../Engine/Plugins/Animation/ControlRig/Content/Controls/ControlRig_RoundedTriangle_3mm.uexp" 370
"../../../Engine/Plugins/Animation/ControlRig/Content/Controls/ControlRig_RoundedTriangle_1mm.ubulk" 371
"../../../Engine/Plugins/Animation/ControlRig/Content/Controls/ControlRig_RoundedTriangle_1mm.uasset" 372
"../../../Engine/Plugins/Animation/ControlRig/Content/Controls/ControlRig_RoundedTriangle_1mm.uexp" 373
"../../../Engine/Plugins/Animation/ControlRig/Content/Controls/ControlRig_QuarterCircle_1mm.ubulk" 374
"../../../Engine/Plugins/Animation/ControlRig/Content/Controls/ControlRig_QuarterCircle_1mm.uasset" 375
"../../../Engine/Plugins/Animation/ControlRig/Content/Controls/ControlRig_QuarterCircle_1mm.uexp" 376
"../../../Engine/Plugins/Animation/ControlRig/Content/Controls/ControlRig_RoundedSquare_solid.ubulk" 377
"../../../Engine/Plugins/Animation/ControlRig/Content/Controls/ControlRig_RoundedSquare_solid.uasset" 378
"../../../Engine/Plugins/Animation/ControlRig/Content/Controls/ControlRig_RoundedSquare_solid.uexp" 379
"../../../Engine/Plugins/Animation/ControlRig/Content/Controls/ControlRig_Pyramid_solid.ubulk" 380
"../../../Engine/Plugins/Animation/ControlRig/Content/Controls/ControlRig_Pyramid_solid.uasset" 381
"../../../Engine/Plugins/Animation/ControlRig/Content/Controls/ControlRig_Pyramid_solid.uexp" 382
"../../../Engine/Plugins/Animation/ControlRig/Content/Controls/ControlRig_RoundedSquare_3mm.ubulk" 383
"../../../Engine/Plugins/Animation/ControlRig/Content/Controls/ControlRig_RoundedSquare_3mm.uasset" 384
"../../../Engine/Plugins/Animation/ControlRig/Content/Controls/ControlRig_RoundedSquare_3mm.uexp" 385
"../../../Engine/Plugins/Animation/ControlRig/Content/Controls/ControlRig_Pyramid_3mm.ubulk" 386
"../../../Engine/Plugins/Animation/ControlRig/Content/Controls/ControlRig_Pyramid_3mm.uasset" 387
"../../../Engine/Plugins/Animation/ControlRig/Content/Controls/ControlRig_Pyramid_3mm.uexp" 388
"../../../Engine/Plugins/Animation/ControlRig/Content/Controls/ControlRig_RoundedSquare_1mm.ubulk" 389
"../../../Engine/Plugins/Animation/ControlRig/Content/Controls/ControlRig_RoundedSquare_1mm.uasset" 390
"../../../Engine/Plugins/Animation/ControlRig/Content/Controls/ControlRig_RoundedSquare_1mm.uexp" 391
"../../../Engine/Plugins/Animation/ControlRig/Content/Controls/ControlRig_Pyramid_1mm.ubulk" 392
"../../../Engine/Plugins/Animation/ControlRig/Content/Controls/ControlRig_Pyramid_1mm.uasset" 393
"../../../Engine/Plugins/Animation/ControlRig/Content/Controls/ControlRig_Pyramid_1mm.uexp" 394
"../../../Engine/Plugins/Animation/ControlRig/Content/Controls/ControlRig_QuarterCircle_solid.ubulk" 395
"../../../Engine/Plugins/Animation/ControlRig/Content/Controls/ControlRig_QuarterCircle_solid.uasset" 396
"../../../Engine/Plugins/Animation/ControlRig/Content/Controls/ControlRig_QuarterCircle_solid.uexp" 397
"../../../Engine/Plugins/Animation/ControlRig/Content/Controls/ControlRig_Octagon_solid.ubulk" 398
"../../../Engine/Plugins/Animation/ControlRig/Content/Controls/ControlRig_Octagon_solid.uasset" 399
"../../../Engine/Plugins/Animation/ControlRig/Content/Controls/ControlRig_Octagon_solid.uexp" 400
"../../../Engine/Plugins/Animation/ControlRig/Content/Controls/ControlRig_Arrow2_1mm.ubulk" 401
"../../../Engine/Plugins/Animation/ControlRig/Content/Controls/ControlRig_Arrow2_1mm.uasset" 402
"../../../Engine/Plugins/Animation/ControlRig/Content/Controls/ControlRig_Arrow2_1mm.uexp" 403
"../../../Engine/Plugins/Animation/ControlRig/Content/Controls/ControlRig_Arrow2_3mm.ubulk" 404
"../../../Engine/Plugins/Animation/ControlRig/Content/Controls/ControlRig_Arrow2_3mm.uasset" 405
"../../../Engine/Plugins/Animation/ControlRig/Content/Controls/ControlRig_Arrow2_3mm.uexp" 406
"../../../Engine/Plugins/Animation/ControlRig/Content/Controls/ControlRig_HalfCircle_solid.ubulk" 407
"../../../Engine/Plugins/Animation/ControlRig/Content/Controls/ControlRig_HalfCircle_solid.uasset" 408
"../../../Engine/Plugins/Animation/ControlRig/Content/Controls/ControlRig_HalfCircle_solid.uexp" 409
"../../../Engine/Plugins/Animation/ControlRig/Content/Controls/ControlRig_Arrow2_solid.ubulk" 410
"../../../Engine/Plugins/Animation/ControlRig/Content/Controls/ControlRig_Arrow2_solid.uasset" 411
"../../../Engine/Plugins/Animation/ControlRig/Content/Controls/ControlRig_Arrow2_solid.uexp" 412
"../../../Engine/Content/EngineResources/FilmGrains/Marcie_Grain_v3_128_M2_000.uasset" 413
"../../../Engine/Content/EngineResources/FilmGrains/Marcie_Grain_v3_128_M2_000.uexp" 414
"../../../Engine/Plugins/Animation/ControlRig/Content/Controls/ControlRigGizmoMaterial.uasset" 415
"../../../Engine/Plugins/Animation/ControlRig/Content/Controls/ControlRigGizmoMaterial.uexp" 416
"../../../Engine/Plugins/2D/Paper2D/Content/DefaultSpriteMaterial.uasset" 417
"../../../Engine/Plugins/2D/Paper2D/Content/DefaultSpriteMaterial.uexp" 418
"../../../Engine/Plugins/2D/Paper2D/Content/OpaqueUnlitSpriteMaterial.uasset" 419
"../../../Engine/Plugins/2D/Paper2D/Content/OpaqueUnlitSpriteMaterial.uexp" 420
"../../../Engine/Content/EngineSky/VolumetricClouds/CloudWeatherTexture.uasset" 421
"../../../Engine/Content/EngineSky/VolumetricClouds/CloudWeatherTexture.uexp" 422
"../../../Engine/Content/Functions/Engine_MaterialFunctions02/Utility/MakeFloat2.uasset" 423
"../../../Engine/Content/Functions/Engine_MaterialFunctions02/Utility/MakeFloat2.uexp" 424
"../../../Engine/Content/EngineSky/VolumetricClouds/CloudGradientTexture.uasset" 425
"../../../Engine/Content/EngineSky/VolumetricClouds/CloudGradientTexture.uexp" 426
"../../../Engine/Content/EngineSky/VolumetricClouds/T_NoiseShape64.ubulk" 427
"../../../Engine/Content/EngineSky/VolumetricClouds/T_NoiseShape64.uasset" 428
"../../../Engine/Content/EngineSky/VolumetricClouds/T_NoiseShape64.uexp" 429
"../../../Engine/Content/EngineSky/VolumetricClouds/T_VolumeNoiseShape64.uasset" 430
"../../../Engine/Content/EngineSky/VolumetricClouds/T_VolumeNoiseShape64.uexp" 431
"../../../Engine/Content/EngineSky/VolumetricClouds/T_NoiseErosion.ubulk" 432
"../../../Engine/Content/EngineSky/VolumetricClouds/T_NoiseErosion.uasset" 433
"../../../Engine/Content/EngineSky/VolumetricClouds/T_NoiseErosion.uexp" 434
"../../../Engine/Content/EngineSky/VolumetricClouds/T_VolumeNoiseErosion32.uasset" 435
"../../../Engine/Content/EngineSky/VolumetricClouds/T_VolumeNoiseErosion32.uexp" 436
"../../../Engine/Content/EngineSky/VolumetricClouds/m_SimpleVolumetricCloud.uasset" 437
"../../../Engine/Content/EngineSky/VolumetricClouds/m_SimpleVolumetricCloud.uexp" 438
"../../../Engine/Content/EngineSky/VolumetricClouds/m_SimpleVolumetricCloud_Inst.uasset" 439
"../../../Engine/Content/EngineSky/VolumetricClouds/m_SimpleVolumetricCloud_Inst.uexp" 440
"../../../Engine/Plugins/2D/Paper2D/Content/MaskedUnlitSpriteMaterial.uasset" 441
"../../../Engine/Plugins/2D/Paper2D/Content/MaskedUnlitSpriteMaterial.uexp" 442
"../../../Engine/Content/EngineSounds/Master.uasset" 443
"../../../Engine/Content/EngineSounds/Master.uexp" 444
"../../../Engine/Content/Functions/Engine_MaterialFunctions01/Shading/PowerToRoughness.uasset" 445
"../../../Engine/Content/Functions/Engine_MaterialFunctions01/Shading/PowerToRoughness.uexp" 446
"../../../Engine/Plugins/Animation/ControlRig/Content/Controls/ControlRig_QuarterCircle_3mm.ubulk" 447
"../../../Engine/Plugins/Animation/ControlRig/Content/Controls/ControlRig_QuarterCircle_3mm.uasset" 448
"../../../Engine/Plugins/Animation/ControlRig/Content/Controls/ControlRig_QuarterCircle_3mm.uexp" 449
"../../../Engine/Content/MobileResources/HUD/VirtualJoystick_Background.uasset" 450
"../../../Engine/Content/MobileResources/HUD/VirtualJoystick_Background.uexp" 451
"../../../Engine/Content/MobileResources/HUD/VirtualJoystick_Thumb.uasset" 452
"../../../Engine/Content/MobileResources/HUD/VirtualJoystick_Thumb.uexp" 453
"../../../Engine/Content/MobileResources/HUD/DefaultVirtualJoysticks.uasset" 454
"../../../Engine/Content/MobileResources/HUD/DefaultVirtualJoysticks.uexp" 455
"../../../Engine/Plugins/Animation/ControlRig/Content/Controls/ControlRig_Arrow4_1mm.ubulk" 456
"../../../Engine/Plugins/Animation/ControlRig/Content/Controls/ControlRig_Arrow4_1mm.uasset" 457
"../../../Engine/Plugins/Animation/ControlRig/Content/Controls/ControlRig_Arrow4_1mm.uexp" 458
"../../../Engine/Plugins/Animation/ControlRig/Content/Controls/ControlRig_Arrow_3mm.ubulk" 459
"../../../Engine/Plugins/Animation/ControlRig/Content/Controls/ControlRig_Arrow_3mm.uasset" 460
"../../../Engine/Plugins/Animation/ControlRig/Content/Controls/ControlRig_Arrow_3mm.uexp" 461
"../../../Engine/Plugins/Animation/ControlRig/Content/Controls/ControlRig_Arrow4_3mm.ubulk" 462
"../../../Engine/Plugins/Animation/ControlRig/Content/Controls/ControlRig_Arrow4_3mm.uasset" 463
"../../../Engine/Plugins/Animation/ControlRig/Content/Controls/ControlRig_Arrow4_3mm.uexp" 464
"../../../Engine/Plugins/Animation/ControlRig/Content/Controls/ControlRig_Arrow_1mm.ubulk" 465
"../../../Engine/Plugins/Animation/ControlRig/Content/Controls/ControlRig_Arrow_1mm.uasset" 466
"../../../Engine/Plugins/Animation/ControlRig/Content/Controls/ControlRig_Arrow_1mm.uexp" 467
"../../../Engine/Plugins/Animation/ControlRig/Content/Controls/ControlRig_Arrow4_solid.ubulk" 468
"../../../Engine/Plugins/Animation/ControlRig/Content/Controls/ControlRig_Arrow4_solid.uasset" 469
"../../../Engine/Plugins/Animation/ControlRig/Content/Controls/ControlRig_Arrow4_solid.uexp" 470
"../../../Engine/Content/EditorBlueprintResources/StandardMacros.uasset" 471
"../../../Engine/Content/EditorBlueprintResources/StandardMacros.uexp" 472
"C:/Users/Doryv/Desktop/SAE/23T2/GDS213/Brief 2/SunSpire/Sun_Spire/Content/Sprites/2_Punk/Punk_run.uasset" 473
"C:/Users/Doryv/Desktop/SAE/23T2/GDS213/Brief 2/SunSpire/Sun_Spire/Content/Sprites/2_Punk/Punk_run.uexp" 474
"C:/Users/Doryv/Desktop/SAE/23T2/GDS213/Brief 2/SunSpire/Sun_Spire/Content/Sprites/2_Punk/Punk_run_Sprite_0.uasset" 475
"C:/Users/Doryv/Desktop/SAE/23T2/GDS213/Brief 2/SunSpire/Sun_Spire/Content/Sprites/2_Punk/Punk_run_Sprite_0.uexp" 476
"C:/Users/Doryv/Desktop/SAE/23T2/GDS213/Brief 2/SunSpire/Sun_Spire/Content/Sprites/2_Punk/Punk_run_Sprite_1.uasset" 477
"C:/Users/Doryv/Desktop/SAE/23T2/GDS213/Brief 2/SunSpire/Sun_Spire/Content/Sprites/2_Punk/Punk_run_Sprite_1.uexp" 478
"C:/Users/Doryv/Desktop/SAE/23T2/GDS213/Brief 2/SunSpire/Sun_Spire/Content/Sprites/2_Punk/Punk_run_Sprite_2.uasset" 479
"C:/Users/Doryv/Desktop/SAE/23T2/GDS213/Brief 2/SunSpire/Sun_Spire/Content/Sprites/2_Punk/Punk_run_Sprite_2.uexp" 480
"C:/Users/Doryv/Desktop/SAE/23T2/GDS213/Brief 2/SunSpire/Sun_Spire/Content/Sprites/2_Punk/Punk_run_Sprite_3.uasset" 481
"C:/Users/Doryv/Desktop/SAE/23T2/GDS213/Brief 2/SunSpire/Sun_Spire/Content/Sprites/2_Punk/Punk_run_Sprite_3.uexp" 482
"C:/Users/Doryv/Desktop/SAE/23T2/GDS213/Brief 2/SunSpire/Sun_Spire/Content/Sprites/2_Punk/Punk_run_Sprite_4.uasset" 483
"C:/Users/Doryv/Desktop/SAE/23T2/GDS213/Brief 2/SunSpire/Sun_Spire/Content/Sprites/2_Punk/Punk_run_Sprite_4.uexp" 484
"C:/Users/Doryv/Desktop/SAE/23T2/GDS213/Brief 2/SunSpire/Sun_Spire/Content/Sprites/2_Punk/Punk_run_Sprite_5.uasset" 485
"C:/Users/Doryv/Desktop/SAE/23T2/GDS213/Brief 2/SunSpire/Sun_Spire/Content/Sprites/2_Punk/Punk_run_Sprite_5.uexp" 486
"C:/Users/Doryv/Desktop/SAE/23T2/GDS213/Brief 2/SunSpire/Sun_Spire/Content/Sprites/Flipbooks/FB_Run.uasset" 487
"C:/Users/Doryv/Desktop/SAE/23T2/GDS213/Brief 2/SunSpire/Sun_Spire/Content/Sprites/Flipbooks/FB_Run.uexp" 488
"C:/Users/Doryv/Desktop/SAE/23T2/GDS213/Brief 2/SunSpire/Sun_Spire/Content/Sprites/2_Punk/Punk_jump.uasset" 489
"C:/Users/Doryv/Desktop/SAE/23T2/GDS213/Brief 2/SunSpire/Sun_Spire/Content/Sprites/2_Punk/Punk_jump.uexp" 490
"C:/Users/Doryv/Desktop/SAE/23T2/GDS213/Brief 2/SunSpire/Sun_Spire/Content/Sprites/2_Punk/Punk_jump_Sprite_0.uasset" 491
"C:/Users/Doryv/Desktop/SAE/23T2/GDS213/Brief 2/SunSpire/Sun_Spire/Content/Sprites/2_Punk/Punk_jump_Sprite_0.uexp" 492
"C:/Users/Doryv/Desktop/SAE/23T2/GDS213/Brief 2/SunSpire/Sun_Spire/Content/Sprites/2_Punk/Punk_jump_Sprite_1.uasset" 493
"C:/Users/Doryv/Desktop/SAE/23T2/GDS213/Brief 2/SunSpire/Sun_Spire/Content/Sprites/2_Punk/Punk_jump_Sprite_1.uexp" 494
"C:/Users/Doryv/Desktop/SAE/23T2/GDS213/Brief 2/SunSpire/Sun_Spire/Content/Sprites/2_Punk/Punk_jump_Sprite_2.uasset" 495
"C:/Users/Doryv/Desktop/SAE/23T2/GDS213/Brief 2/SunSpire/Sun_Spire/Content/Sprites/2_Punk/Punk_jump_Sprite_2.uexp" 496
"C:/Users/Doryv/Desktop/SAE/23T2/GDS213/Brief 2/SunSpire/Sun_Spire/Content/Sprites/2_Punk/Punk_jump_Sprite_3.uasset" 497
"C:/Users/Doryv/Desktop/SAE/23T2/GDS213/Brief 2/SunSpire/Sun_Spire/Content/Sprites/2_Punk/Punk_jump_Sprite_3.uexp" 498
"C:/Users/Doryv/Desktop/SAE/23T2/GDS213/Brief 2/SunSpire/Sun_Spire/Content/Sprites/Flipbooks/FB_Jump.uasset" 499
"C:/Users/Doryv/Desktop/SAE/23T2/GDS213/Brief 2/SunSpire/Sun_Spire/Content/Sprites/Flipbooks/FB_Jump.uexp" 500
"C:/Users/Doryv/Desktop/SAE/23T2/GDS213/Brief 2/SunSpire/Sun_Spire/Content/Sprites/2_Punk/Punk_idle.uasset" 501
"C:/Users/Doryv/Desktop/SAE/23T2/GDS213/Brief 2/SunSpire/Sun_Spire/Content/Sprites/2_Punk/Punk_idle.uexp" 502
"C:/Users/Doryv/Desktop/SAE/23T2/GDS213/Brief 2/SunSpire/Sun_Spire/Content/Sprites/2_Punk/Punk_idle_Sprite_0.uasset" 503
"C:/Users/Doryv/Desktop/SAE/23T2/GDS213/Brief 2/SunSpire/Sun_Spire/Content/Sprites/2_Punk/Punk_idle_Sprite_0.uexp" 504
"C:/Users/Doryv/Desktop/SAE/23T2/GDS213/Brief 2/SunSpire/Sun_Spire/Content/Sprites/2_Punk/Punk_idle_Sprite_1.uasset" 505
"C:/Users/Doryv/Desktop/SAE/23T2/GDS213/Brief 2/SunSpire/Sun_Spire/Content/Sprites/2_Punk/Punk_idle_Sprite_1.uexp" 506
"C:/Users/Doryv/Desktop/SAE/23T2/GDS213/Brief 2/SunSpire/Sun_Spire/Content/Sprites/2_Punk/Punk_idle_Sprite_2.uasset" 507
"C:/Users/Doryv/Desktop/SAE/23T2/GDS213/Brief 2/SunSpire/Sun_Spire/Content/Sprites/2_Punk/Punk_idle_Sprite_2.uexp" 508
"C:/Users/Doryv/Desktop/SAE/23T2/GDS213/Brief 2/SunSpire/Sun_Spire/Content/Sprites/2_Punk/Punk_idle_Sprite_3.uasset" 509
"C:/Users/Doryv/Desktop/SAE/23T2/GDS213/Brief 2/SunSpire/Sun_Spire/Content/Sprites/2_Punk/Punk_idle_Sprite_3.uexp" 510
"C:/Users/Doryv/Desktop/SAE/23T2/GDS213/Brief 2/SunSpire/Sun_Spire/Content/Sprites/Flipbooks/FB_Idle.uasset" 511
"C:/Users/Doryv/Desktop/SAE/23T2/GDS213/Brief 2/SunSpire/Sun_Spire/Content/Sprites/Flipbooks/FB_Idle.uexp" 512
"C:/Users/Doryv/Desktop/SAE/23T2/GDS213/Brief 2/SunSpire/Sun_Spire/Content/Sprites/2_Punk/Punk_climb.uasset" 513
"C:/Users/Doryv/Desktop/SAE/23T2/GDS213/Brief 2/SunSpire/Sun_Spire/Content/Sprites/2_Punk/Punk_climb.uexp" 514
"C:/Users/Doryv/Desktop/SAE/23T2/GDS213/Brief 2/SunSpire/Sun_Spire/Content/Sprites/2_Punk/Punk_climb_Sprite_0.uasset" 515
"C:/Users/Doryv/Desktop/SAE/23T2/GDS213/Brief 2/SunSpire/Sun_Spire/Content/Sprites/2_Punk/Punk_climb_Sprite_0.uexp" 516
"C:/Users/Doryv/Desktop/SAE/23T2/GDS213/Brief 2/SunSpire/Sun_Spire/Content/Sprites/2_Punk/Punk_climb_Sprite_1.uasset" 517
"C:/Users/Doryv/Desktop/SAE/23T2/GDS213/Brief 2/SunSpire/Sun_Spire/Content/Sprites/2_Punk/Punk_climb_Sprite_1.uexp" 518
"C:/Users/Doryv/Desktop/SAE/23T2/GDS213/Brief 2/SunSpire/Sun_Spire/Content/Sprites/2_Punk/Punk_climb_Sprite_2.uasset" 519
"C:/Users/Doryv/Desktop/SAE/23T2/GDS213/Brief 2/SunSpire/Sun_Spire/Content/Sprites/2_Punk/Punk_climb_Sprite_2.uexp" 520
"C:/Users/Doryv/Desktop/SAE/23T2/GDS213/Brief 2/SunSpire/Sun_Spire/Content/Sprites/2_Punk/Punk_climb_Sprite_3.uasset" 521
"C:/Users/Doryv/Desktop/SAE/23T2/GDS213/Brief 2/SunSpire/Sun_Spire/Content/Sprites/2_Punk/Punk_climb_Sprite_3.uexp" 522
"C:/Users/Doryv/Desktop/SAE/23T2/GDS213/Brief 2/SunSpire/Sun_Spire/Content/Sprites/2_Punk/Punk_climb_Sprite_4.uasset" 523
"C:/Users/Doryv/Desktop/SAE/23T2/GDS213/Brief 2/SunSpire/Sun_Spire/Content/Sprites/2_Punk/Punk_climb_Sprite_4.uexp" 524
"C:/Users/Doryv/Desktop/SAE/23T2/GDS213/Brief 2/SunSpire/Sun_Spire/Content/Sprites/2_Punk/Punk_climb_Sprite_5.uasset" 525
"C:/Users/Doryv/Desktop/SAE/23T2/GDS213/Brief 2/SunSpire/Sun_Spire/Content/Sprites/2_Punk/Punk_climb_Sprite_5.uexp" 526
"C:/Users/Doryv/Desktop/SAE/23T2/GDS213/Brief 2/SunSpire/Sun_Spire/Content/Sprites/Flipbooks/FB_Climb.uasset" 527
"C:/Users/Doryv/Desktop/SAE/23T2/GDS213/Brief 2/SunSpire/Sun_Spire/Content/Sprites/Flipbooks/FB_Climb.uexp" 528
"C:/Users/Doryv/Desktop/SAE/23T2/GDS213/Brief 2/SunSpire/Sun_Spire/Content/Blueprints/BP_PaperCharacter.uasset" 529
"C:/Users/Doryv/Desktop/SAE/23T2/GDS213/Brief 2/SunSpire/Sun_Spire/Content/Blueprints/BP_PaperCharacter.uexp" 530
"C:/Users/Doryv/Desktop/SAE/23T2/GDS213/Brief 2/SunSpire/Sun_Spire/Content/Blueprints/GM_SideScroller.uasset" 531
"C:/Users/Doryv/Desktop/SAE/23T2/GDS213/Brief 2/SunSpire/Sun_Spire/Content/Blueprints/GM_SideScroller.uexp" 532
"../../../Engine/Plugins/Runtime/MeshModelingToolset/Content/Materials/M_DynamicMeshComponentVtxColor.uasset" 533
"../../../Engine/Plugins/Runtime/MeshModelingToolset/Content/Materials/M_DynamicMeshComponentVtxColor.uexp" 534
"../../../Engine/Plugins/Interchange/Runtime/Content/Pipelines/DefaultTexturePipeline.uasset" 535
"../../../Engine/Plugins/Interchange/Runtime/Content/Pipelines/DefaultTexturePipeline.uexp" 536
"../../../Engine/Plugins/Interchange/Runtime/Content/Pipelines/DefaultSceneLevelPipeline.uasset" 537
"../../../Engine/Plugins/Interchange/Runtime/Content/Pipelines/DefaultSceneLevelPipeline.uexp" 538
"../../../Engine/Plugins/Interchange/Runtime/Content/Pipelines/DefaultSceneAssetsPipeline.uasset" 539
"../../../Engine/Plugins/Interchange/Runtime/Content/Pipelines/DefaultSceneAssetsPipeline.uexp" 540
"../../../Engine/Plugins/Interchange/Runtime/Content/Pipelines/DefaultMaterialPipeline.uasset" 541
"../../../Engine/Plugins/Interchange/Runtime/Content/Pipelines/DefaultMaterialPipeline.uexp" 542
"../../../Engine/Plugins/Interchange/Runtime/Content/Pipelines/DefaultAssetsPipeline.uasset" 543
"../../../Engine/Plugins/Interchange/Runtime/Content/Pipelines/DefaultAssetsPipeline.uexp" 544
"../../../Engine/Plugins/Interchange/Runtime/Content/Materials/UnlitMaterial.uasset" 545
"../../../Engine/Plugins/Interchange/Runtime/Content/Materials/UnlitMaterial.uexp" 546
"../../../Engine/Content/EngineMaterials/DefaultNormal.ubulk" 547
"../../../Engine/Content/EngineMaterials/DefaultNormal.uasset" 548
"../../../Engine/Content/EngineMaterials/DefaultNormal.uexp" 549
"../../../Engine/Plugins/Interchange/Runtime/Content/Materials/MapOrScalarFunction.uasset" 550
"../../../Engine/Plugins/Interchange/Runtime/Content/Materials/MapOrScalarFunction.uexp" 551
"../../../Engine/Plugins/Interchange/Runtime/Content/Materials/MapOrLinearColorFunction.uasset" 552
"../../../Engine/Plugins/Interchange/Runtime/Content/Materials/MapOrLinearColorFunction.uexp" 553
"../../../Engine/Plugins/Interchange/Runtime/Content/Materials/MapOrColorFunction.uasset" 554
"../../../Engine/Plugins/Interchange/Runtime/Content/Materials/MapOrColorFunction.uexp" 555
"../../../Engine/Plugins/Interchange/Runtime/Content/Materials/CommonMaterial.uasset" 556
"../../../Engine/Plugins/Interchange/Runtime/Content/Materials/CommonMaterial.uexp" 557
"../../../Engine/Plugins/Interchange/Runtime/Content/Materials/PBRSurfaceFunction.uasset" 558
"../../../Engine/Plugins/Interchange/Runtime/Content/Materials/PBRSurfaceFunction.uexp" 559
"../../../Engine/Plugins/Interchange/Runtime/Content/Materials/ThinTranslucentMaterial.uasset" 560
"../../../Engine/Plugins/Interchange/Runtime/Content/Materials/ThinTranslucentMaterial.uexp" 561
"../../../Engine/Plugins/Interchange/Runtime/Content/Materials/SubsurfaceMaterial.uasset" 562
"../../../Engine/Plugins/Interchange/Runtime/Content/Materials/SubsurfaceMaterial.uexp" 563
"../../../Engine/Plugins/Interchange/Runtime/Content/Materials/SheenMaterial.uasset" 564
"../../../Engine/Plugins/Interchange/Runtime/Content/Materials/SheenMaterial.uexp" 565
"../../../Engine/Content/Functions/Engine_MaterialFunctions01/Shading/ConvertFromDiffSpec.uasset" 566
"../../../Engine/Content/Functions/Engine_MaterialFunctions01/Shading/ConvertFromDiffSpec.uexp" 567
"../../../Engine/Plugins/Interchange/Runtime/Content/Materials/PhongSurfaceMaterial.uasset" 568
"../../../Engine/Plugins/Interchange/Runtime/Content/Materials/PhongSurfaceMaterial.uexp" 569
"../../../Engine/Plugins/Interchange/Runtime/Content/Materials/PBRSurfaceMaterial.uasset" 570
"../../../Engine/Plugins/Interchange/Runtime/Content/Materials/PBRSurfaceMaterial.uexp" 571
"../../../Engine/Content/EngineMaterials/FlatNormal.uasset" 572
"../../../Engine/Content/EngineMaterials/FlatNormal.uexp" 573
"../../../Engine/Plugins/Interchange/Runtime/Content/Functions/MF_OrenNayerView.uasset" 574
"../../../Engine/Plugins/Interchange/Runtime/Content/Functions/MF_OrenNayerView.uexp" 575
"../../../Engine/Content/EditorLandscapeResources/WhiteSquareTexture.uasset" 576
"../../../Engine/Content/EditorLandscapeResources/WhiteSquareTexture.uexp" 577
"../../../Engine/Plugins/Interchange/Runtime/Content/Functions/MF_SchlickApprox.uasset" 578
"../../../Engine/Plugins/Interchange/Runtime/Content/Functions/MF_SchlickApprox.uexp" 579
"../../../Engine/Plugins/Interchange/Runtime/Content/Utilities/New_LUT.uasset" 580
"../../../Engine/Plugins/Interchange/Runtime/Content/Utilities/New_LUT.uexp" 581
"../../../Engine/Content/Functions/Engine_MaterialFunctions03/Math/RemapValueRange.uasset" 582
"../../../Engine/Content/Functions/Engine_MaterialFunctions03/Math/RemapValueRange.uexp" 583
"../../../Engine/Plugins/Interchange/Runtime/Content/Functions/MF_Iridescence.uasset" 584
"../../../Engine/Plugins/Interchange/Runtime/Content/Functions/MF_Iridescence.uexp" 585
"../../../Engine/Plugins/Interchange/Runtime/Content/Materials/OrenNayerMaterial.uasset" 586
"../../../Engine/Plugins/Interchange/Runtime/Content/Materials/OrenNayerMaterial.uexp" 587
"../../../Engine/Plugins/Interchange/Runtime/Content/Materials/LambertSurfaceMaterial.uasset" 588
"../../../Engine/Plugins/Interchange/Runtime/Content/Materials/LambertSurfaceMaterial.uexp" 589
"../../../Engine/Plugins/Interchange/Runtime/Content/Materials/ClearCoatMaterial.uasset" 590
"../../../Engine/Plugins/Interchange/Runtime/Content/Materials/ClearCoatMaterial.uexp" 591
"../../../Engine/Plugins/Interchange/Runtime/Content/gltf/Textures/T_Gray_Linear.uasset" 592
"../../../Engine/Plugins/Interchange/Runtime/Content/gltf/Textures/T_Gray_Linear.uexp" 593
"../../../Engine/Plugins/Interchange/Runtime/Content/gltf/Textures/T_Black_srgb.uasset" 594
"../../../Engine/Plugins/Interchange/Runtime/Content/gltf/Textures/T_Black_srgb.uexp" 595
"../../../Engine/Plugins/Interchange/Runtime/Content/gltf/MaterialFunctions/MF_RotateV2.uasset" 596
"../../../Engine/Plugins/Interchange/Runtime/Content/gltf/MaterialFunctions/MF_RotateV2.uexp" 597
"../../../Engine/Plugins/Interchange/Runtime/Content/gltf/MaterialFunctions/MF_TransformUVs.uasset" 598
"../../../Engine/Plugins/Interchange/Runtime/Content/gltf/MaterialFunctions/MF_TransformUVs.uexp" 599
"../../../Engine/Plugins/Interchange/Runtime/Content/gltf/Textures/T_White_srgb.uasset" 600
"../../../Engine/Plugins/Interchange/Runtime/Content/gltf/Textures/T_White_srgb.uexp" 601
"../../../Engine/Plugins/Interchange/Runtime/Content/gltf/MaterialFunctions/MF_BaseColor.uasset" 602
"../../../Engine/Plugins/Interchange/Runtime/Content/gltf/MaterialFunctions/MF_BaseColor.uexp" 603
"../../../Engine/Plugins/Interchange/Runtime/Content/gltf/MaterialFunctions/MF_DiffuseSpecGloss.uasset" 604
"../../../Engine/Plugins/Interchange/Runtime/Content/gltf/MaterialFunctions/MF_DiffuseSpecGloss.uexp" 605
"../../../Engine/Plugins/Interchange/Runtime/Content/gltf/Textures/T_White_Linear.uasset" 606
"../../../Engine/Plugins/Interchange/Runtime/Content/gltf/Textures/T_White_Linear.uexp" 607
"../../../Engine/Plugins/Interchange/Runtime/Content/gltf/MaterialFunctions/MF_MetallicRoughness.uasset" 608
"../../../Engine/Plugins/Interchange/Runtime/Content/gltf/MaterialFunctions/MF_MetallicRoughness.uexp" 609
"../../../Engine/Plugins/Interchange/Runtime/Content/gltf/MaterialFunctions/MF_Transmission.uasset" 610
"../../../Engine/Plugins/Interchange/Runtime/Content/gltf/MaterialFunctions/MF_Transmission.uexp" 611
"../../../Engine/Plugins/Interchange/Runtime/Content/gltf/MaterialFunctions/MF_Occlusion.uasset" 612
"../../../Engine/Plugins/Interchange/Runtime/Content/gltf/MaterialFunctions/MF_Occlusion.uexp" 613
"../../../Engine/Content/Functions/Engine_MaterialFunctions02/Texturing/CustomRotator.uasset" 614
"../../../Engine/Content/Functions/Engine_MaterialFunctions02/Texturing/CustomRotator.uexp" 615
"../../../Engine/Content/Functions/Engine_MaterialFunctions02/Texturing/ScreenAlignedPixelToPixelUVs.uasset" 616
"../../../Engine/Content/Functions/Engine_MaterialFunctions02/Texturing/ScreenAlignedPixelToPixelUVs.uexp" 617
"../../../Engine/Plugins/Interchange/Runtime/Content/Utilities/T_Bayer64_Grayscale_64px.uasset" 618
"../../../Engine/Plugins/Interchange/Runtime/Content/Utilities/T_Bayer64_Grayscale_64px.uexp" 619
"../../../Engine/Plugins/Interchange/Runtime/Content/gltf/MaterialFunctions/MF_Temporal_Blur.uasset" 620
"../../../Engine/Plugins/Interchange/Runtime/Content/gltf/MaterialFunctions/MF_Temporal_Blur.uexp" 621
"../../../Engine/Plugins/Interchange/Runtime/Content/gltf/MaterialFunctions/MF_Specular.uasset" 622
"../../../Engine/Plugins/Interchange/Runtime/Content/gltf/MaterialFunctions/MF_Specular.uexp" 623
"../../../Engine/Plugins/Interchange/Runtime/Content/gltf/MaterialFunctions/MF_IOR.uasset" 624
"../../../Engine/Plugins/Interchange/Runtime/Content/gltf/MaterialFunctions/MF_IOR.uexp" 625
"../../../Engine/Plugins/Interchange/Runtime/Content/gltf/MaterialFunctions/MF_Fresnel_DS.uasset" 626
"../../../Engine/Plugins/Interchange/Runtime/Content/gltf/MaterialFunctions/MF_Fresnel_DS.uexp" 627
"../../../Engine/Content/Functions/Engine_MaterialFunctions01/Texturing/FlattenNormal.uasset" 628
"../../../Engine/Content/Functions/Engine_MaterialFunctions01/Texturing/FlattenNormal.uexp" 629
"../../../Engine/Content/Functions/Engine_MaterialFunctions02/Math/Transform3x3Matrix.uasset" 630
"../../../Engine/Content/Functions/Engine_MaterialFunctions02/Math/Transform3x3Matrix.uexp" 631
"../../../Engine/Plugins/Interchange/Runtime/Content/gltf/MaterialFunctions/MF_RotateNormals_TS.uasset" 632
"../../../Engine/Plugins/Interchange/Runtime/Content/gltf/MaterialFunctions/MF_RotateNormals_TS.uexp" 633
"../../../Engine/Plugins/Interchange/Runtime/Content/gltf/Textures/T_Generic_N.uasset" 634
"../../../Engine/Plugins/Interchange/Runtime/Content/gltf/Textures/T_Generic_N.uexp" 635
"../../../Engine/Plugins/Interchange/Runtime/Content/gltf/MaterialFunctions/MF_Normals.uasset" 636
"../../../Engine/Plugins/Interchange/Runtime/Content/gltf/MaterialFunctions/MF_Normals.uexp" 637
"../../../Engine/Content/Functions/Engine_MaterialFunctions02/Math/AddComponents.uasset" 638
"../../../Engine/Content/Functions/Engine_MaterialFunctions02/Math/AddComponents.uexp" 639
"../../../Engine/Plugins/Interchange/Runtime/Content/gltf/MaterialFunctions/MF_PerceivedBrightness.uasset" 640
"../../../Engine/Plugins/Interchange/Runtime/Content/gltf/MaterialFunctions/MF_PerceivedBrightness.uexp" 641
"../../../Engine/Plugins/Interchange/Runtime/Content/gltf/MaterialFunctions/MF_SpecGlossToMetalRoughness.uasset" 642
"../../../Engine/Plugins/Interchange/Runtime/Content/gltf/MaterialFunctions/MF_SpecGlossToMetalRoughness.uexp" 643
"../../../Engine/Plugins/Interchange/Runtime/Content/gltf/M_Transmission.uasset" 644
"../../../Engine/Plugins/Interchange/Runtime/Content/gltf/M_Transmission.uexp" 645
"../../../Engine/Plugins/Interchange/Runtime/Content/gltf/MaterialInstances_SG/MI_Transmission_TS.uasset" 646
"../../../Engine/Plugins/Interchange/Runtime/Content/gltf/MaterialInstances_SG/MI_Transmission_TS.uexp" 647
"../../../Engine/Plugins/Interchange/Runtime/Content/gltf/MaterialInstances_SG/MI_Transmission.uasset" 648
"../../../Engine/Plugins/Interchange/Runtime/Content/gltf/MaterialInstances_SG/MI_Transmission.uexp" 649
"../../../Engine/Plugins/Interchange/Runtime/Content/gltf/MaterialFunctions/MF_Clearcoat.uasset" 650
"../../../Engine/Plugins/Interchange/Runtime/Content/gltf/MaterialFunctions/MF_Clearcoat.uexp" 651
"../../../Engine/Plugins/Interchange/Runtime/Content/gltf/MaterialFunctions/MF_Emissive.uasset" 652
"../../../Engine/Plugins/Interchange/Runtime/Content/gltf/MaterialFunctions/MF_Emissive.uexp" 653
"../../../Engine/Plugins/Interchange/Runtime/Content/gltf/M_Translucent.uasset" 654
"../../../Engine/Plugins/Interchange/Runtime/Content/gltf/M_Translucent.uexp" 655
"../../../Engine/Plugins/Interchange/Runtime/Content/gltf/MaterialInstances_SG/MI_Translucent_TS.uasset" 656
"../../../Engine/Plugins/Interchange/Runtime/Content/gltf/MaterialInstances_SG/MI_Translucent_TS.uexp" 657
"../../../Engine/Plugins/Interchange/Runtime/Content/gltf/MaterialInstances_SG/MI_Translucent_ClearCoat_TS.uasset" 658
"../../../Engine/Plugins/Interchange/Runtime/Content/gltf/MaterialInstances_SG/MI_Translucent_ClearCoat_TS.uexp" 659
"../../../Engine/Plugins/Interchange/Runtime/Content/gltf/MaterialInstances_SG/MI_Translucent_ClearCoat.uasset" 660
"../../../Engine/Plugins/Interchange/Runtime/Content/gltf/MaterialInstances_SG/MI_Translucent_ClearCoat.uexp" 661
"../../../Engine/Plugins/Interchange/Runtime/Content/gltf/MaterialInstances_SG/MI_Translucent.uasset" 662
"../../../Engine/Plugins/Interchange/Runtime/Content/gltf/MaterialInstances_SG/MI_Translucent.uexp" 663
"../../../Engine/Plugins/Interchange/Runtime/Content/gltf/M_Opaque.uasset" 664
"../../../Engine/Plugins/Interchange/Runtime/Content/gltf/M_Opaque.uexp" 665
"../../../Engine/Plugins/Interchange/Runtime/Content/gltf/MaterialInstances_SG/MI_Opaque_TS.uasset" 666
"../../../Engine/Plugins/Interchange/Runtime/Content/gltf/MaterialInstances_SG/MI_Opaque_TS.uexp" 667
"../../../Engine/Plugins/Interchange/Runtime/Content/gltf/MaterialFunctions/MF_Sheen.uasset" 668
"../../../Engine/Plugins/Interchange/Runtime/Content/gltf/MaterialFunctions/MF_Sheen.uexp" 669
"../../../Engine/Content/Functions/Engine_MaterialFunctions01/Shading/FuzzyShading.uasset" 670
"../../../Engine/Content/Functions/Engine_MaterialFunctions01/Shading/FuzzyShading.uexp" 671
"../../../Engine/Plugins/Interchange/Runtime/Content/gltf/M_Sheen.uasset" 672
"../../../Engine/Plugins/Interchange/Runtime/Content/gltf/M_Sheen.uexp" 673
"../../../Engine/Plugins/Interchange/Runtime/Content/gltf/MaterialInstances_SG/MI_Opaque_Sheen_TS.uasset" 674
"../../../Engine/Plugins/Interchange/Runtime/Content/gltf/MaterialInstances_SG/MI_Opaque_Sheen_TS.uexp" 675
"../../../Engine/Plugins/Interchange/Runtime/Content/gltf/MaterialInstances_SG/MI_Opaque_Sheen.uasset" 676
"../../../Engine/Plugins/Interchange/Runtime/Content/gltf/MaterialInstances_SG/MI_Opaque_Sheen.uexp" 677
"../../../Engine/Plugins/Interchange/Runtime/Content/gltf/MaterialInstances_SG/MI_Opaque_ClearCoat_TS.uasset" 678
"../../../Engine/Plugins/Interchange/Runtime/Content/gltf/MaterialInstances_SG/MI_Opaque_ClearCoat_TS.uexp" 679
"../../../Engine/Plugins/Interchange/Runtime/Content/gltf/MaterialInstances_SG/MI_Opaque_ClearCoat.uasset" 680
"../../../Engine/Plugins/Interchange/Runtime/Content/gltf/MaterialInstances_SG/MI_Opaque_ClearCoat.uexp" 681
"../../../Engine/Plugins/Interchange/Runtime/Content/gltf/MaterialInstances_SG/MI_Opaque.uasset" 682
"../../../Engine/Plugins/Interchange/Runtime/Content/gltf/MaterialInstances_SG/MI_Opaque.uexp" 683
"../../../Engine/Plugins/Interchange/Runtime/Content/gltf/MaterialInstances_MR/MI_Transmission_TS.uasset" 684
"../../../Engine/Plugins/Interchange/Runtime/Content/gltf/MaterialInstances_MR/MI_Transmission_TS.uexp" 685
"../../../Engine/Plugins/Interchange/Runtime/Content/gltf/MaterialInstances_MR/MI_Transmission.uasset" 686
"../../../Engine/Plugins/Interchange/Runtime/Content/gltf/MaterialInstances_MR/MI_Transmission.uexp" 687
"../../../Engine/Plugins/Interchange/Runtime/Content/gltf/MaterialInstances_MR/MI_Translucent_TS.uasset" 688
"../../../Engine/Plugins/Interchange/Runtime/Content/gltf/MaterialInstances_MR/MI_Translucent_TS.uexp" 689
"../../../Engine/Plugins/Interchange/Runtime/Content/gltf/MaterialInstances_MR/MI_Translucent_ClearCoat_TS.uasset" 690
"../../../Engine/Plugins/Interchange/Runtime/Content/gltf/MaterialInstances_MR/MI_Translucent_ClearCoat_TS.uexp" 691
"../../../Engine/Plugins/Interchange/Runtime/Content/gltf/MaterialInstances_MR/MI_Translucent_ClearCoat.uasset" 692
"../../../Engine/Plugins/Interchange/Runtime/Content/gltf/MaterialInstances_MR/MI_Translucent_ClearCoat.uexp" 693
"../../../Engine/Plugins/Interchange/Runtime/Content/gltf/MaterialInstances_MR/MI_Translucent.uasset" 694
"../../../Engine/Plugins/Interchange/Runtime/Content/gltf/MaterialInstances_MR/MI_Translucent.uexp" 695
"../../../Engine/Plugins/Interchange/Runtime/Content/gltf/M_Unlit.uasset" 696
"../../../Engine/Plugins/Interchange/Runtime/Content/gltf/M_Unlit.uexp" 697
"../../../Engine/Plugins/Interchange/Runtime/Content/gltf/MaterialInstances_MR/MI_Opaque_Unlit_TS.uasset" 698
"../../../Engine/Plugins/Interchange/Runtime/Content/gltf/MaterialInstances_MR/MI_Opaque_Unlit_TS.uexp" 699
"../../../Engine/Plugins/Interchange/Runtime/Content/gltf/MaterialInstances_MR/MI_Opaque_Unlit.uasset" 700
"../../../Engine/Plugins/Interchange/Runtime/Content/gltf/MaterialInstances_MR/MI_Opaque_Unlit.uexp" 701
"../../../Engine/Plugins/Interchange/Runtime/Content/gltf/MaterialInstances_MR/MI_Opaque_TS.uasset" 702
"../../../Engine/Plugins/Interchange/Runtime/Content/gltf/MaterialInstances_MR/MI_Opaque_TS.uexp" 703
"../../../Engine/Plugins/Interchange/Runtime/Content/gltf/MaterialInstances_MR/MI_Opaque_Sheen_TS.uasset" 704
"../../../Engine/Plugins/Interchange/Runtime/Content/gltf/MaterialInstances_MR/MI_Opaque_Sheen_TS.uexp" 705
"../../../Engine/Plugins/Interchange/Runtime/Content/gltf/MaterialInstances_MR/MI_Opaque_Sheen.uasset" 706
"../../../Engine/Plugins/Interchange/Runtime/Content/gltf/MaterialInstances_MR/MI_Opaque_Sheen.uexp" 707
"../../../Engine/Plugins/Interchange/Runtime/Content/gltf/MaterialInstances_MR/MI_Opaque_ClearCoat_TS.uasset" 708
"../../../Engine/Plugins/Interchange/Runtime/Content/gltf/MaterialInstances_MR/MI_Opaque_ClearCoat_TS.uexp" 709
"../../../Engine/Plugins/Interchange/Runtime/Content/gltf/MaterialInstances_MR/MI_Opaque_ClearCoat.uasset" 710
"../../../Engine/Plugins/Interchange/Runtime/Content/gltf/MaterialInstances_MR/MI_Opaque_ClearCoat.uexp" 711
"../../../Engine/Plugins/Interchange/Runtime/Content/gltf/MaterialInstances_MR/MI_Opaque.uasset" 712
"../../../Engine/Plugins/Interchange/Runtime/Content/gltf/MaterialInstances_MR/MI_Opaque.uexp" 713
"../../../Engine/Content/Functions/Engine_MaterialFunctions02/Utility/VectorLength.uasset" 714
"../../../Engine/Content/Functions/Engine_MaterialFunctions02/Utility/VectorLength.uexp" 715
"../../../Engine/Content/Functions/Engine_MaterialFunctions02/WorldPositionOffset/V2/ObjectScale.uasset" 716
"../../../Engine/Content/Functions/Engine_MaterialFunctions02/WorldPositionOffset/V2/ObjectScale.uexp" 717
"../../../Engine/Content/Functions/Engine_MaterialFunctions02/ObjectLocalBounds.uasset" 718
"../../../Engine/Content/Functions/Engine_MaterialFunctions02/ObjectLocalBounds.uexp" 719
"../../../Engine/Plugins/Interchange/Runtime/Content/gltf/MaterialFunctions/MF_TransmissionOpacity.uasset" 720
"../../../Engine/Plugins/Interchange/Runtime/Content/gltf/MaterialFunctions/MF_TransmissionOpacity.uexp" 721
"../../../Engine/Plugins/Interchange/Runtime/Content/Functions/MX_Transmission.uasset" 722
"../../../Engine/Plugins/Interchange/Runtime/Content/Functions/MX_Transmission.uexp" 723
"../../../Engine/Plugins/Interchange/Runtime/Content/Functions/MX_StandardSurface.uasset" 724
"../../../Engine/Plugins/Interchange/Runtime/Content/Functions/MX_StandardSurface.uexp" 725
"../../../Engine/Plugins/Interchange/Runtime/Content/Functions/MX_TransmissionSurface.uasset" 726
"../../../Engine/Plugins/Interchange/Runtime/Content/Functions/MX_TransmissionSurface.uexp" 727
"../../../Engine/Plugins/Editor/SpeedTreeImporter/Content/SpeedTree9/game_wind_noise.ubulk" 728
"../../../Engine/Plugins/Editor/SpeedTreeImporter/Content/SpeedTree9/game_wind_noise.uasset" 729
"../../../Engine/Plugins/Editor/SpeedTreeImporter/Content/SpeedTree9/game_wind_noise.uexp" 730
"../../../Engine/Plugins/Editor/SpeedTreeImporter/Content/SpeedTree9/UnpackDirection.uasset" 731
"../../../Engine/Plugins/Editor/SpeedTreeImporter/Content/SpeedTree9/UnpackDirection.uexp" 732
"../../../Engine/Content/Functions/Engine_MaterialFunctions02/UVs/BoundingBoxBased_0-1_UVW.uasset" 733
"../../../Engine/Content/Functions/Engine_MaterialFunctions02/UVs/BoundingBoxBased_0-1_UVW.uexp" 734
"../../../Engine/Plugins/Editor/SpeedTreeImporter/Content/SpeedTree9/UnpackInteger3.uasset" 735
"../../../Engine/Plugins/Editor/SpeedTreeImporter/Content/SpeedTree9/UnpackInteger3.uexp" 736
"../../../Engine/Plugins/Editor/SpeedTreeImporter/Content/SpeedTree9/SpeedTreeCameraFacing.uasset" 737
"../../../Engine/Plugins/Editor/SpeedTreeImporter/Content/SpeedTree9/SpeedTreeCameraFacing.uexp" 738
"../../../Engine/Content/Functions/Engine_MaterialFunctions02/WorldPositionOffset/ObjectScale.uasset" 739
"../../../Engine/Content/Functions/Engine_MaterialFunctions02/WorldPositionOffset/ObjectScale.uexp" 740
"../../../Engine/Content/Functions/Engine_MaterialFunctions02/SafeNormalize.uasset" 741
"../../../Engine/Content/Functions/Engine_MaterialFunctions02/SafeNormalize.uexp" 742
"../../../Engine/Plugins/Editor/SpeedTreeImporter/Content/SpeedTree9/SpeedTreeWindMotion.uasset" 743
"../../../Engine/Plugins/Editor/SpeedTreeImporter/Content/SpeedTree9/SpeedTreeWindMotion.uexp" 744
"../../../Engine/Plugins/Editor/SpeedTreeImporter/Content/SpeedTree9/SpeedTreeBranchMotion.uasset" 745
"../../../Engine/Plugins/Editor/SpeedTreeImporter/Content/SpeedTree9/SpeedTreeBranchMotion.uexp" 746
"../../../Engine/Plugins/Editor/SpeedTreeImporter/Content/SpeedTree9/SpeedTreeWind.uasset" 747
"../../../Engine/Plugins/Editor/SpeedTreeImporter/Content/SpeedTree9/SpeedTreeWind.uexp" 748
"../../../Engine/Plugins/Editor/SpeedTreeImporter/Content/SpeedTree9/EmptyNormal.uasset" 749
"../../../Engine/Plugins/Editor/SpeedTreeImporter/Content/SpeedTree9/EmptyNormal.uexp" 750
"../../../Engine/Plugins/Editor/SpeedTreeImporter/Content/SpeedTree9/Empty.uasset" 751
"../../../Engine/Plugins/Editor/SpeedTreeImporter/Content/SpeedTree9/Empty.uexp" 752
"../../../Engine/Plugins/Editor/SpeedTreeImporter/Content/SpeedTree9/SpeedTreeMaster.uasset" 753
"../../../Engine/Plugins/Editor/SpeedTreeImporter/Content/SpeedTree9/SpeedTreeMaster.uexp" 754
"../../../Engine/Plugins/Editor/SpeedTreeImporter/Content/SpeedTree9/SpeedTreeBillboard.uasset" 755
"../../../Engine/Plugins/Editor/SpeedTreeImporter/Content/SpeedTree9/SpeedTreeBillboard.uexp" 756
"../../../Engine/Plugins/Editor/SpeedTreeImporter/Content/SpeedTree9/SpeedTreeBillboardMaster.uasset" 757
"../../../Engine/Plugins/Editor/SpeedTreeImporter/Content/SpeedTree9/SpeedTreeBillboardMaster.uexp" 758
"../../../Engine/Plugins/Animation/ControlRig/Content/Controls/ControlRig_Hexagon_1mm.ubulk" 759
"../../../Engine/Plugins/Animation/ControlRig/Content/Controls/ControlRig_Hexagon_1mm.uasset" 760
"../../../Engine/Plugins/Animation/ControlRig/Content/Controls/ControlRig_Hexagon_1mm.uexp" 761
"../../../Engine/Plugins/Animation/ControlRig/Content/Controls/ControlRig_Hexagon_solid.ubulk" 762
"../../../Engine/Plugins/Animation/ControlRig/Content/Controls/ControlRig_Hexagon_solid.uasset" 763
"../../../Engine/Plugins/Animation/ControlRig/Content/Controls/ControlRig_Hexagon_solid.uexp" 764
"../../../Engine/Plugins/Animation/ControlRig/Content/Controls/ControlRig_Hexagon_3mm.ubulk" 765
"../../../Engine/Plugins/Animation/ControlRig/Content/Controls/ControlRig_Hexagon_3mm.uasset" 766
"../../../Engine/Plugins/Animation/ControlRig/Content/Controls/ControlRig_Hexagon_3mm.uexp" 767
"../../../Engine/Plugins/Animation/ControlRig/Content/M_Manip.uasset" 768
"../../../Engine/Plugins/Animation/ControlRig/Content/M_Manip.uexp" 769
"../../../Engine/Plugins/Animation/ControlRig/Content/Controls/DefaultGizmoLibraryNormalized.uasset" 770
"../../../Engine/Plugins/Animation/ControlRig/Content/Controls/DefaultGizmoLibraryNormalized.uexp" 771
"../../../Engine/Plugins/Animation/ControlRig/Content/Controls/ControlRig_Wedge_solid.ubulk" 772
"../../../Engine/Plugins/Animation/ControlRig/Content/Controls/ControlRig_Wedge_solid.uasset" 773
"../../../Engine/Plugins/Animation/ControlRig/Content/Controls/ControlRig_Wedge_solid.uexp" 774
"../../../Engine/Plugins/Animation/ControlRig/Content/Controls/ControlRig_Wedge_3mm.ubulk" 775
"../../../Engine/Plugins/Animation/ControlRig/Content/Controls/ControlRig_Wedge_3mm.uasset" 776
"../../../Engine/Plugins/Animation/ControlRig/Content/Controls/ControlRig_Wedge_3mm.uexp" 777
"../../../Engine/Plugins/Animation/ControlRig/Content/Controls/ControlRig_Wedge_1mm.ubulk" 778
"../../../Engine/Plugins/Animation/ControlRig/Content/Controls/ControlRig_Wedge_1mm.uasset" 779
"../../../Engine/Plugins/Animation/ControlRig/Content/Controls/ControlRig_Wedge_1mm.uexp" 780
"../../../Engine/Plugins/Animation/ControlRig/Content/Controls/ControlRig_Triangle_solid.ubulk" 781
"../../../Engine/Plugins/Animation/ControlRig/Content/Controls/ControlRig_Triangle_solid.uasset" 782
"../../../Engine/Plugins/Animation/ControlRig/Content/Controls/ControlRig_Triangle_solid.uexp" 783
"../../../Engine/Plugins/Animation/ControlRig/Content/Controls/ControlRig_Triangle_3mm.ubulk" 784
"../../../Engine/Plugins/Animation/ControlRig/Content/Controls/ControlRig_Triangle_3mm.uasset" 785
"../../../Engine/Plugins/Animation/ControlRig/Content/Controls/ControlRig_Triangle_3mm.uexp" 786
"../../../Engine/Plugins/Animation/ControlRig/Content/Controls/ControlRig_Triangle_1mm.ubulk" 787
"../../../Engine/Plugins/Animation/ControlRig/Content/Controls/ControlRig_Triangle_1mm.uasset" 788
"../../../Engine/Plugins/Animation/ControlRig/Content/Controls/ControlRig_Triangle_1mm.uexp" 789
"../../../Engine/Plugins/Animation/ControlRig/Content/Controls/ControlRig_Star4_solid.ubulk" 790
"../../../Engine/Plugins/Animation/ControlRig/Content/Controls/ControlRig_Star4_solid.uasset" 791
"../../../Engine/Plugins/Animation/ControlRig/Content/Controls/ControlRig_Star4_solid.uexp" 792
"../../../Engine/Plugins/Animation/ControlRig/Content/Controls/ControlRig_Star4_3mm.ubulk" 793
"../../../Engine/Plugins/Animation/ControlRig/Content/Controls/ControlRig_Star4_3mm.uasset" 794
"../../../Engine/Plugins/Animation/ControlRig/Content/Controls/ControlRig_Star4_3mm.uexp" 795
"../../../Engine/Plugins/Animation/ControlRig/Content/Controls/ControlRig_Star4_1mm.ubulk" 796
"../../../Engine/Plugins/Animation/ControlRig/Content/Controls/ControlRig_Star4_1mm.uasset" 797
"../../../Engine/Plugins/Animation/ControlRig/Content/Controls/ControlRig_Star4_1mm.uexp" 798
"../../../Engine/Plugins/Animation/ControlRig/Content/Controls/ControlRig_Square_solid.ubulk" 799
"../../../Engine/Plugins/Animation/ControlRig/Content/Controls/ControlRig_Square_solid.uasset" 800
"../../../Engine/Plugins/Animation/ControlRig/Content/Controls/ControlRig_Square_solid.uexp" 801
"../../../Engine/Content/Maps/Entry_BuiltData.uasset" 802
"../../../Engine/Content/Maps/Entry_BuiltData.uexp" 803
"../../../Engine/Content/Maps/Entry.uexp" 804
"../../../Engine/Content/Maps/Entry.umap" 805
"../../../Engine/Content/EngineMaterials/BlendFunc_DefBlend.uasset" 806
"../../../Engine/Content/EngineMaterials/BlendFunc_DefBlend.uexp" 807
"../../../Engine/Content/EngineMaterials/BlendFunc_DefBase.uasset" 808
"../../../Engine/Content/EngineMaterials/BlendFunc_DefBase.uexp" 809
"../../../Engine/Content/Functions/Engine_MaterialFunctions03/Blends/Blend_Overlay.uasset" 810
"../../../Engine/Content/Functions/Engine_MaterialFunctions03/Blends/Blend_Overlay.uexp" 811
"../../../Engine/Content/OpenWorldTemplate/LandscapeMaterial/T_GridChecker_A.ubulk" 812
"../../../Engine/Content/OpenWorldTemplate/LandscapeMaterial/T_GridChecker_A.uasset" 813
"../../../Engine/Content/OpenWorldTemplate/LandscapeMaterial/T_GridChecker_A.uexp" 814
"../../../Engine/Content/Functions/Engine_MaterialFunctions01/Gradient/LinearGradient.uasset" 815
"../../../Engine/Content/Functions/Engine_MaterialFunctions01/Gradient/LinearGradient.uexp" 816
"../../../Engine/Content/Functions/Engine_MaterialFunctions01/ImageAdjustment/CheapContrast.uasset" 817
"../../../Engine/Content/Functions/Engine_MaterialFunctions01/ImageAdjustment/CheapContrast.uexp" 818
"../../../Engine/Content/OpenWorldTemplate/LandscapeMaterial/MF_ProcGrid.uasset" 819
"../../../Engine/Content/OpenWorldTemplate/LandscapeMaterial/MF_ProcGrid.uexp" 820
"../../../Engine/Content/OpenWorldTemplate/LandscapeMaterial/M_ProcGrid.uasset" 821
"../../../Engine/Content/OpenWorldTemplate/LandscapeMaterial/M_ProcGrid.uexp" 822
"../../../Engine/Content/OpenWorldTemplate/LandscapeMaterial/MI_ProcGrid.uasset" 823
"../../../Engine/Content/OpenWorldTemplate/LandscapeMaterial/MI_ProcGrid.uexp" 824
"../../../Engine/Content/EngineSky/T_Sky_Stars.ubulk" 825
"../../../Engine/Content/EngineSky/T_Sky_Stars.uasset" 826
"../../../Engine/Content/EngineSky/T_Sky_Stars.uexp" 827
"../../../Engine/Content/EngineSky/T_Sky_Clouds_M.ubulk" 828
"../../../Engine/Content/EngineSky/T_Sky_Clouds_M.uasset" 829
"../../../Engine/Content/EngineSky/T_Sky_Clouds_M.uexp" 830
"../../../Engine/Content/EngineSky/T_Sky_Blue.ubulk" 831
"../../../Engine/Content/EngineSky/T_Sky_Blue.uasset" 832
"../../../Engine/Content/EngineSky/T_Sky_Blue.uexp" 833
"../../../Engine/Content/EngineSky/M_Sky_Panning_Clouds2.uasset" 834
"../../../Engine/Content/EngineSky/M_Sky_Panning_Clouds2.uexp" 835
"../../../Engine/Content/EngineSky/SM_SkySphere.ubulk" 836
"../../../Engine/Content/EngineSky/SM_SkySphere.uasset" 837
"../../../Engine/Content/EngineSky/SM_SkySphere.uexp" 838
"C:/Users/Doryv/Desktop/SAE/23T2/GDS213/Brief 2/SunSpire/Sun_Spire/Content/MainMenu/sunset__1_.uasset" 839
"C:/Users/Doryv/Desktop/SAE/23T2/GDS213/Brief 2/SunSpire/Sun_Spire/Content/MainMenu/sunset__1_.uexp" 840
"C:/Users/Doryv/Desktop/SAE/23T2/GDS213/Brief 2/SunSpire/Sun_Spire/Content/MainMenu/MainMenu.uasset" 841
"C:/Users/Doryv/Desktop/SAE/23T2/GDS213/Brief 2/SunSpire/Sun_Spire/Content/MainMenu/MainMenu.uexp" 842
"../../../Engine/Content/MapTemplates/SM_Template_Map_Floor.ubulk" 843
"../../../Engine/Content/MapTemplates/SM_Template_Map_Floor.uasset" 844
"../../../Engine/Content/MapTemplates/SM_Template_Map_Floor.uexp" 845
"../../../Engine/Content/EngineSky/M_SimpleSkyDome.uasset" 846
"../../../Engine/Content/EngineSky/M_SimpleSkyDome.uexp" 847
"C:/Users/Doryv/Desktop/SAE/23T2/GDS213/Brief 2/SunSpire/Sun_Spire/Content/MainMenu.uexp" 848
"C:/Users/Doryv/Desktop/SAE/23T2/GDS213/Brief 2/SunSpire/Sun_Spire/Content/MainMenu.umap" 849
"../../../Engine/Content/BasicShapes/Cube.ubulk" 850
"../../../Engine/Content/BasicShapes/Cube.uasset" 851
"../../../Engine/Content/BasicShapes/Cube.uexp" 852
"../../../Engine/Content/BasicShapes/BasicShapeMaterial.uasset" 853
"../../../Engine/Content/BasicShapes/BasicShapeMaterial.uexp" 854
"C:/Users/Doryv/Desktop/SAE/23T2/GDS213/Brief 2/SunSpire/Sun_Spire/Content/Blueprints/BP_Swing.uasset" 855
"C:/Users/Doryv/Desktop/SAE/23T2/GDS213/Brief 2/SunSpire/Sun_Spire/Content/Blueprints/BP_Swing.uexp" 856
"C:/Users/Doryv/Desktop/SAE/23T2/GDS213/Brief 2/SunSpire/Sun_Spire/Content/MainLevel_BuiltData.uasset" 857
"C:/Users/Doryv/Desktop/SAE/23T2/GDS213/Brief 2/SunSpire/Sun_Spire/Content/MainLevel_BuiltData.uexp" 858
"C:/Users/Doryv/Desktop/SAE/23T2/GDS213/Brief 2/SunSpire/Sun_Spire/Content/_GENERATED/Doryv/Stairs_86F80DD6.ubulk" 859
"C:/Users/Doryv/Desktop/SAE/23T2/GDS213/Brief 2/SunSpire/Sun_Spire/Content/_GENERATED/Doryv/Stairs_86F80DD6.uasset" 860
"C:/Users/Doryv/Desktop/SAE/23T2/GDS213/Brief 2/SunSpire/Sun_Spire/Content/_GENERATED/Doryv/Stairs_86F80DD6.uexp" 861
"C:/Users/Doryv/Desktop/SAE/23T2/GDS213/Brief 2/SunSpire/Sun_Spire/Content/Blueprints/solar_sea_103.ubulk" 862
"C:/Users/Doryv/Desktop/SAE/23T2/GDS213/Brief 2/SunSpire/Sun_Spire/Content/Blueprints/solar_sea_103.uasset" 863
"C:/Users/Doryv/Desktop/SAE/23T2/GDS213/Brief 2/SunSpire/Sun_Spire/Content/Blueprints/solar_sea_103.uexp" 864
"../../../Engine/Content/BasicShapes/Cylinder.ubulk" 865
"../../../Engine/Content/BasicShapes/Cylinder.uasset" 866
"../../../Engine/Content/BasicShapes/Cylinder.uexp" 867
"../../../Engine/Content/BasicShapes/Sphere.ubulk" 868
"../../../Engine/Content/BasicShapes/Sphere.uasset" 869
"../../../Engine/Content/BasicShapes/Sphere.uexp" 870
"C:/Users/Doryv/Desktop/SAE/23T2/GDS213/Brief 2/SunSpire/Sun_Spire/Content/Blueprints/BP_TestCharacter.uasset" 871
"C:/Users/Doryv/Desktop/SAE/23T2/GDS213/Brief 2/SunSpire/Sun_Spire/Content/Blueprints/BP_TestCharacter.uexp" 872
"C:/Users/Doryv/Desktop/SAE/23T2/GDS213/Brief 2/SunSpire/Sun_Spire/Content/Blueprints/BP_Ladder.uasset" 873
"C:/Users/Doryv/Desktop/SAE/23T2/GDS213/Brief 2/SunSpire/Sun_Spire/Content/Blueprints/BP_Ladder.uexp" 874
"C:/Users/Doryv/Desktop/SAE/23T2/GDS213/Brief 2/SunSpire/Sun_Spire/Content/Blueprints/UI_GameOver.uasset" 875
"C:/Users/Doryv/Desktop/SAE/23T2/GDS213/Brief 2/SunSpire/Sun_Spire/Content/Blueprints/UI_GameOver.uexp" 876
"C:/Users/Doryv/Desktop/SAE/23T2/GDS213/Brief 2/SunSpire/Sun_Spire/Content/_GENERATED/Doryv/Stairs_B2CAD0BD.ubulk" 877
"C:/Users/Doryv/Desktop/SAE/23T2/GDS213/Brief 2/SunSpire/Sun_Spire/Content/_GENERATED/Doryv/Stairs_B2CAD0BD.uasset" 878
"C:/Users/Doryv/Desktop/SAE/23T2/GDS213/Brief 2/SunSpire/Sun_Spire/Content/_GENERATED/Doryv/Stairs_B2CAD0BD.uexp" 879
"C:/Users/Doryv/Desktop/SAE/23T2/GDS213/Brief 2/SunSpire/Sun_Spire/Content/_GENERATED/Doryv/Stairs_558CA96D.ubulk" 880
"C:/Users/Doryv/Desktop/SAE/23T2/GDS213/Brief 2/SunSpire/Sun_Spire/Content/_GENERATED/Doryv/Stairs_558CA96D.uasset" 881
"C:/Users/Doryv/Desktop/SAE/23T2/GDS213/Brief 2/SunSpire/Sun_Spire/Content/_GENERATED/Doryv/Stairs_558CA96D.uexp" 882
"C:/Users/Doryv/Desktop/SAE/23T2/GDS213/Brief 2/SunSpire/Sun_Spire/Content/_GENERATED/Doryv/CubeGridToolOutput_696A9922.ubulk" 883
"C:/Users/Doryv/Desktop/SAE/23T2/GDS213/Brief 2/SunSpire/Sun_Spire/Content/_GENERATED/Doryv/CubeGridToolOutput_696A9922.uasset" 884
"C:/Users/Doryv/Desktop/SAE/23T2/GDS213/Brief 2/SunSpire/Sun_Spire/Content/_GENERATED/Doryv/CubeGridToolOutput_696A9922.uexp" 885
"C:/Users/Doryv/Desktop/SAE/23T2/GDS213/Brief 2/SunSpire/Sun_Spire/Content/_GENERATED/Doryv/Stairs_C995FC79.ubulk" 886
"C:/Users/Doryv/Desktop/SAE/23T2/GDS213/Brief 2/SunSpire/Sun_Spire/Content/_GENERATED/Doryv/Stairs_C995FC79.uasset" 887
"C:/Users/Doryv/Desktop/SAE/23T2/GDS213/Brief 2/SunSpire/Sun_Spire/Content/_GENERATED/Doryv/Stairs_C995FC79.uexp" 888
"C:/Users/Doryv/Desktop/SAE/23T2/GDS213/Brief 2/SunSpire/Sun_Spire/Content/_GENERATED/Doryv/Stairs_FA07E1F2.ubulk" 889
"C:/Users/Doryv/Desktop/SAE/23T2/GDS213/Brief 2/SunSpire/Sun_Spire/Content/_GENERATED/Doryv/Stairs_FA07E1F2.uasset" 890
"C:/Users/Doryv/Desktop/SAE/23T2/GDS213/Brief 2/SunSpire/Sun_Spire/Content/_GENERATED/Doryv/Stairs_FA07E1F2.uexp" 891
"C:/Users/Doryv/Desktop/SAE/23T2/GDS213/Brief 2/SunSpire/Sun_Spire/Content/Blueprints/BP_Win.uasset" 892
"C:/Users/Doryv/Desktop/SAE/23T2/GDS213/Brief 2/SunSpire/Sun_Spire/Content/Blueprints/BP_Win.uexp" 893
"C:/Users/Doryv/Desktop/SAE/23T2/GDS213/Brief 2/SunSpire/Sun_Spire/Content/Sprites/Background/town.uasset" 894
"C:/Users/Doryv/Desktop/SAE/23T2/GDS213/Brief 2/SunSpire/Sun_Spire/Content/Sprites/Background/town.uexp" 895
"C:/Users/Doryv/Desktop/SAE/23T2/GDS213/Brief 2/SunSpire/Sun_Spire/Content/Sprites/Background/town_Sprite.uasset" 896
"C:/Users/Doryv/Desktop/SAE/23T2/GDS213/Brief 2/SunSpire/Sun_Spire/Content/Sprites/Background/town_Sprite.uexp" 897
"C:/Users/Doryv/Desktop/SAE/23T2/GDS213/Brief 2/SunSpire/Sun_Spire/Content/MainLevel.uexp" 898
"C:/Users/Doryv/Desktop/SAE/23T2/GDS213/Brief 2/SunSpire/Sun_Spire/Content/MainLevel.umap" 899
